{"contracts\\AutoFarm-helpers\\AUTOv2.sol":{"l":{"15":0},"path":"D:\\RI-Learning\\AutoFarmV2-Diamond-3-Standard\\contracts\\AutoFarm-helpers\\AUTOv2.sol","s":{"1":0},"b":{"1":[0,0]},"f":{"1":0},"fnMap":{"1":{"name":"mint","line":14,"loc":{"start":{"line":14,"column":4},"end":{"line":16,"column":4}}}},"statementMap":{"1":{"start":{"line":15,"column":8},"end":{"line":15,"column":26}}},"branchMap":{"1":{"line":14,"type":"if","locations":[{"start":{"line":14,"column":55},"end":{"line":14,"column":55}},{"start":{"line":14,"column":55},"end":{"line":14,"column":55}}]}}},"contracts\\AutoFarm-helpers\\helpers\\AccessControl.sol":{"l":{"66":0,"74":0,"94":0,"104":0,"118":0,"123":0,"136":0,"141":0,"159":0,"164":0,"184":0,"193":0,"194":0,"198":0,"199":0,"204":0,"205":0},"path":"D:\\RI-Learning\\AutoFarmV2-Diamond-3-Standard\\contracts\\AutoFarm-helpers\\helpers\\AccessControl.sol","s":{"1":0,"2":0,"3":0,"4":0,"5":0,"6":0,"7":0,"8":0,"9":0,"10":0,"11":0,"12":0,"13":0,"14":0,"15":0,"16":0},"b":{"1":[0,0],"2":[0,0],"3":[0,0],"4":[0,0],"5":[0,0]},"f":{"1":0,"2":0,"3":0,"4":0,"5":0,"6":0,"7":0,"8":0,"9":0,"10":0,"11":0},"fnMap":{"1":{"name":"hasRole","line":65,"loc":{"start":{"line":65,"column":4},"end":{"line":67,"column":4}}},"2":{"name":"getRoleMemberCount","line":73,"loc":{"start":{"line":73,"column":4},"end":{"line":75,"column":4}}},"3":{"name":"getRoleMember","line":89,"loc":{"start":{"line":89,"column":4},"end":{"line":95,"column":4}}},"4":{"name":"getRoleAdmin","line":103,"loc":{"start":{"line":103,"column":4},"end":{"line":105,"column":4}}},"5":{"name":"grantRole","line":117,"loc":{"start":{"line":117,"column":4},"end":{"line":124,"column":4}}},"6":{"name":"revokeRole","line":135,"loc":{"start":{"line":135,"column":4},"end":{"line":142,"column":4}}},"7":{"name":"renounceRole","line":158,"loc":{"start":{"line":158,"column":4},"end":{"line":165,"column":4}}},"8":{"name":"_setupRole","line":183,"loc":{"start":{"line":183,"column":4},"end":{"line":185,"column":4}}},"9":{"name":"_setRoleAdmin","line":192,"loc":{"start":{"line":192,"column":4},"end":{"line":195,"column":4}}},"10":{"name":"_grantRole","line":197,"loc":{"start":{"line":197,"column":4},"end":{"line":201,"column":4}}},"11":{"name":"_revokeRole","line":203,"loc":{"start":{"line":203,"column":4},"end":{"line":207,"column":4}}}},"statementMap":{"1":{"start":{"line":66,"column":8},"end":{"line":66,"column":53}},"2":{"start":{"line":74,"column":8},"end":{"line":74,"column":44}},"3":{"start":{"line":94,"column":8},"end":{"line":94,"column":45}},"4":{"start":{"line":104,"column":8},"end":{"line":104,"column":37}},"5":{"start":{"line":118,"column":8},"end":{"line":118,"column":3783}},"6":{"start":{"line":123,"column":8},"end":{"line":123,"column":32}},"7":{"start":{"line":136,"column":8},"end":{"line":136,"column":4293}},"8":{"start":{"line":141,"column":8},"end":{"line":141,"column":33}},"9":{"start":{"line":159,"column":8},"end":{"line":159,"column":5069}},"10":{"start":{"line":164,"column":8},"end":{"line":164,"column":33}},"11":{"start":{"line":184,"column":8},"end":{"line":184,"column":32}},"12":{"start":{"line":193,"column":8},"end":{"line":193,"column":70}},"13":{"start":{"line":198,"column":8},"end":{"line":198,"column":6340}},"14":{"start":{"line":199,"column":12},"end":{"line":199,"column":57}},"15":{"start":{"line":204,"column":8},"end":{"line":204,"column":6537}},"16":{"start":{"line":205,"column":12},"end":{"line":205,"column":57}}},"branchMap":{"1":{"line":118,"type":"if","locations":[{"start":{"line":118,"column":8},"end":{"line":118,"column":8}},{"start":{"line":118,"column":8},"end":{"line":118,"column":8}}]},"2":{"line":136,"type":"if","locations":[{"start":{"line":136,"column":8},"end":{"line":136,"column":8}},{"start":{"line":136,"column":8},"end":{"line":136,"column":8}}]},"3":{"line":159,"type":"if","locations":[{"start":{"line":159,"column":8},"end":{"line":159,"column":8}},{"start":{"line":159,"column":8},"end":{"line":159,"column":8}}]},"4":{"line":198,"type":"if","locations":[{"start":{"line":198,"column":8},"end":{"line":198,"column":8}},{"start":{"line":198,"column":8},"end":{"line":198,"column":8}}]},"5":{"line":204,"type":"if","locations":[{"start":{"line":204,"column":8},"end":{"line":204,"column":8}},{"start":{"line":204,"column":8},"end":{"line":204,"column":8}}]}}},"contracts\\AutoFarm-helpers\\helpers\\Context.sol":{"l":{"18":32,"22":0},"path":"D:\\RI-Learning\\AutoFarmV2-Diamond-3-Standard\\contracts\\AutoFarm-helpers\\helpers\\Context.sol","s":{"1":32,"2":0},"b":{},"f":{"1":32,"2":0},"fnMap":{"1":{"name":"_msgSender","line":17,"loc":{"start":{"line":17,"column":4},"end":{"line":19,"column":4}}},"2":{"name":"_msgData","line":21,"loc":{"start":{"line":21,"column":4},"end":{"line":23,"column":4}}}},"statementMap":{"1":{"start":{"line":18,"column":8},"end":{"line":18,"column":25}},"2":{"start":{"line":22,"column":8},"end":{"line":22,"column":23}}},"branchMap":{}},"contracts\\AutoFarm-helpers\\helpers\\ERC20.sol":{"l":{"33":6,"34":6,"35":6,"42":0,"50":0,"67":0,"74":0,"81":9,"98":6,"99":6,"112":3,"128":7,"129":7,"150":6,"151":6,"159":6,"179":0,"184":0,"206":0,"214":0,"236":12,"237":12,"239":12,"241":12,"245":12,"246":12,"259":1,"261":1,"263":1,"264":1,"265":1,"280":0,"282":0,"284":0,"288":0,"289":0,"310":13,"311":13,"313":13,"314":13,"325":0},"path":"D:\\RI-Learning\\AutoFarmV2-Diamond-3-Standard\\contracts\\AutoFarm-helpers\\helpers\\ERC20.sol","s":{"1":0,"2":0,"3":0,"4":0,"5":9,"6":6,"7":6,"8":3,"9":7,"10":7,"11":6,"12":6,"13":6,"14":0,"15":0,"16":0,"17":0,"18":12,"19":12,"20":12,"21":12,"22":1,"23":1,"24":1,"25":0,"26":0,"27":0,"28":13,"29":13,"30":13},"b":{"1":[12,0],"2":[12,0],"3":[1,0],"4":[0,0],"5":[13,0],"6":[13,0]},"f":{"1":6,"2":0,"3":0,"4":0,"5":0,"6":9,"7":6,"8":3,"9":7,"10":6,"11":0,"12":0,"13":12,"14":1,"15":0,"16":13,"17":0,"18":13},"fnMap":{"1":{"name":"constructor","line":32,"loc":{"start":{"line":32,"column":4},"end":{"line":36,"column":4}}},"2":{"name":"name","line":41,"loc":{"start":{"line":41,"column":4},"end":{"line":43,"column":4}}},"3":{"name":"symbol","line":49,"loc":{"start":{"line":49,"column":4},"end":{"line":51,"column":4}}},"4":{"name":"decimals","line":66,"loc":{"start":{"line":66,"column":4},"end":{"line":68,"column":4}}},"5":{"name":"totalSupply","line":73,"loc":{"start":{"line":73,"column":4},"end":{"line":75,"column":4}}},"6":{"name":"balanceOf","line":80,"loc":{"start":{"line":80,"column":4},"end":{"line":82,"column":4}}},"7":{"name":"transfer","line":92,"loc":{"start":{"line":92,"column":4},"end":{"line":100,"column":4}}},"8":{"name":"allowance","line":105,"loc":{"start":{"line":105,"column":4},"end":{"line":113,"column":4}}},"9":{"name":"approve","line":122,"loc":{"start":{"line":122,"column":4},"end":{"line":130,"column":4}}},"10":{"name":"transferFrom","line":145,"loc":{"start":{"line":145,"column":4},"end":{"line":160,"column":4}}},"11":{"name":"increaseAllowance","line":174,"loc":{"start":{"line":174,"column":4},"end":{"line":185,"column":4}}},"12":{"name":"decreaseAllowance","line":201,"loc":{"start":{"line":201,"column":4},"end":{"line":215,"column":4}}},"13":{"name":"_transfer","line":231,"loc":{"start":{"line":231,"column":4},"end":{"line":247,"column":4}}},"14":{"name":"_mint","line":258,"loc":{"start":{"line":258,"column":4},"end":{"line":266,"column":4}}},"15":{"name":"_burn","line":279,"loc":{"start":{"line":279,"column":4},"end":{"line":290,"column":4}}},"16":{"name":"_approve","line":305,"loc":{"start":{"line":305,"column":4},"end":{"line":315,"column":4}}},"17":{"name":"_setupDecimals","line":324,"loc":{"start":{"line":324,"column":4},"end":{"line":326,"column":4}}},"18":{"name":"_beforeTokenTransfer","line":342,"loc":{"start":{"line":342,"column":4},"end":{"line":346,"column":24}}}},"statementMap":{"1":{"start":{"line":42,"column":8},"end":{"line":42,"column":20}},"2":{"start":{"line":50,"column":8},"end":{"line":50,"column":22}},"3":{"start":{"line":67,"column":8},"end":{"line":67,"column":24}},"4":{"start":{"line":74,"column":8},"end":{"line":74,"column":27}},"5":{"start":{"line":81,"column":8},"end":{"line":81,"column":33}},"6":{"start":{"line":98,"column":8},"end":{"line":98,"column":49}},"7":{"start":{"line":99,"column":8},"end":{"line":99,"column":19}},"8":{"start":{"line":112,"column":8},"end":{"line":112,"column":42}},"9":{"start":{"line":128,"column":8},"end":{"line":128,"column":46}},"10":{"start":{"line":129,"column":8},"end":{"line":129,"column":19}},"11":{"start":{"line":150,"column":8},"end":{"line":150,"column":43}},"12":{"start":{"line":151,"column":8},"end":{"line":151,"column":4234}},"13":{"start":{"line":159,"column":8},"end":{"line":159,"column":19}},"14":{"start":{"line":179,"column":8},"end":{"line":179,"column":5030}},"15":{"start":{"line":184,"column":8},"end":{"line":184,"column":19}},"16":{"start":{"line":206,"column":8},"end":{"line":206,"column":5838}},"17":{"start":{"line":214,"column":8},"end":{"line":214,"column":19}},"18":{"start":{"line":236,"column":8},"end":{"line":236,"column":77}},"19":{"start":{"line":237,"column":8},"end":{"line":237,"column":78}},"20":{"start":{"line":239,"column":8},"end":{"line":239,"column":54}},"21":{"start":{"line":246,"column":8},"end":{"line":246,"column":48}},"22":{"start":{"line":259,"column":8},"end":{"line":259,"column":72}},"23":{"start":{"line":261,"column":8},"end":{"line":261,"column":56}},"24":{"start":{"line":265,"column":8},"end":{"line":265,"column":50}},"25":{"start":{"line":280,"column":8},"end":{"line":280,"column":74}},"26":{"start":{"line":282,"column":8},"end":{"line":282,"column":56}},"27":{"start":{"line":289,"column":8},"end":{"line":289,"column":50}},"28":{"start":{"line":310,"column":8},"end":{"line":310,"column":75}},"29":{"start":{"line":311,"column":8},"end":{"line":311,"column":75}},"30":{"start":{"line":314,"column":8},"end":{"line":314,"column":45}}},"branchMap":{"1":{"line":236,"type":"if","locations":[{"start":{"line":236,"column":8},"end":{"line":236,"column":8}},{"start":{"line":236,"column":8},"end":{"line":236,"column":8}}]},"2":{"line":237,"type":"if","locations":[{"start":{"line":237,"column":8},"end":{"line":237,"column":8}},{"start":{"line":237,"column":8},"end":{"line":237,"column":8}}]},"3":{"line":259,"type":"if","locations":[{"start":{"line":259,"column":8},"end":{"line":259,"column":8}},{"start":{"line":259,"column":8},"end":{"line":259,"column":8}}]},"4":{"line":280,"type":"if","locations":[{"start":{"line":280,"column":8},"end":{"line":280,"column":8}},{"start":{"line":280,"column":8},"end":{"line":280,"column":8}}]},"5":{"line":310,"type":"if","locations":[{"start":{"line":310,"column":8},"end":{"line":310,"column":8}},{"start":{"line":310,"column":8},"end":{"line":310,"column":8}}]},"6":{"line":311,"type":"if","locations":[{"start":{"line":311,"column":8},"end":{"line":311,"column":8}},{"start":{"line":311,"column":8},"end":{"line":311,"column":8}}]}}},"contracts\\AutoFarm-helpers\\helpers\\Ownable.sol":{"l":{"20":6,"21":6,"22":6,"29":0,"36":1,"37":1,"48":0,"49":0,"57":0,"61":0,"62":0},"path":"D:\\RI-Learning\\AutoFarmV2-Diamond-3-Standard\\contracts\\AutoFarm-helpers\\helpers\\Ownable.sol","s":{"1":6,"2":6,"3":0,"4":1,"5":0,"6":0,"7":0},"b":{"1":[1,0],"2":[0,0],"3":[0,0],"4":[0,0]},"f":{"1":6,"2":0,"3":1,"4":0,"5":0},"fnMap":{"1":{"name":"constructor","line":19,"loc":{"start":{"line":19,"column":4},"end":{"line":23,"column":4}}},"2":{"name":"owner","line":28,"loc":{"start":{"line":28,"column":4},"end":{"line":30,"column":4}}},"3":{"name":"onlyOwner","line":35,"loc":{"start":{"line":35,"column":4},"end":{"line":38,"column":4}}},"4":{"name":"renounceOwnership","line":47,"loc":{"start":{"line":47,"column":4},"end":{"line":50,"column":4}}},"5":{"name":"transferOwnership","line":56,"loc":{"start":{"line":56,"column":4},"end":{"line":63,"column":4}}}},"statementMap":{"1":{"start":{"line":20,"column":8},"end":{"line":20,"column":40}},"2":{"start":{"line":22,"column":8},"end":{"line":22,"column":56}},"3":{"start":{"line":29,"column":8},"end":{"line":29,"column":21}},"4":{"start":{"line":36,"column":8},"end":{"line":36,"column":74}},"5":{"start":{"line":48,"column":8},"end":{"line":48,"column":53}},"6":{"start":{"line":57,"column":8},"end":{"line":57,"column":1749}},"7":{"start":{"line":61,"column":8},"end":{"line":61,"column":51}}},"branchMap":{"1":{"line":36,"type":"if","locations":[{"start":{"line":36,"column":8},"end":{"line":36,"column":8}},{"start":{"line":36,"column":8},"end":{"line":36,"column":8}}]},"2":{"line":47,"type":"if","locations":[{"start":{"line":47,"column":48},"end":{"line":47,"column":48}},{"start":{"line":47,"column":48},"end":{"line":47,"column":48}}]},"3":{"line":56,"type":"if","locations":[{"start":{"line":56,"column":64},"end":{"line":56,"column":64}},{"start":{"line":56,"column":64},"end":{"line":56,"column":64}}]},"4":{"line":57,"type":"if","locations":[{"start":{"line":57,"column":8},"end":{"line":57,"column":8}},{"start":{"line":57,"column":8},"end":{"line":57,"column":8}}]}}},"contracts\\AutoFarm-helpers\\helpers\\Pausable.sol":{"l":{"25":3,"32":0,"43":3,"44":3,"55":0,"56":0,"67":0,"68":0,"79":0,"80":0},"path":"D:\\RI-Learning\\AutoFarmV2-Diamond-3-Standard\\contracts\\AutoFarm-helpers\\helpers\\Pausable.sol","s":{"1":0,"2":3,"3":0,"4":0,"5":0},"b":{"1":[3,0],"2":[0,0],"3":[0,0],"4":[0,0]},"f":{"1":3,"2":0,"3":3,"4":0,"5":0,"6":0},"fnMap":{"1":{"name":"constructor","line":24,"loc":{"start":{"line":24,"column":4},"end":{"line":26,"column":4}}},"2":{"name":"paused","line":31,"loc":{"start":{"line":31,"column":4},"end":{"line":33,"column":4}}},"3":{"name":"whenNotPaused","line":42,"loc":{"start":{"line":42,"column":4},"end":{"line":45,"column":4}}},"4":{"name":"whenPaused","line":54,"loc":{"start":{"line":54,"column":4},"end":{"line":57,"column":4}}},"5":{"name":"_pause","line":66,"loc":{"start":{"line":66,"column":4},"end":{"line":69,"column":4}}},"6":{"name":"_unpause","line":78,"loc":{"start":{"line":78,"column":4},"end":{"line":81,"column":4}}}},"statementMap":{"1":{"start":{"line":32,"column":8},"end":{"line":32,"column":22}},"2":{"start":{"line":43,"column":8},"end":{"line":43,"column":44}},"3":{"start":{"line":55,"column":8},"end":{"line":55,"column":47}},"4":{"start":{"line":68,"column":8},"end":{"line":68,"column":33}},"5":{"start":{"line":80,"column":8},"end":{"line":80,"column":35}}},"branchMap":{"1":{"line":43,"type":"if","locations":[{"start":{"line":43,"column":8},"end":{"line":43,"column":8}},{"start":{"line":43,"column":8},"end":{"line":43,"column":8}}]},"2":{"line":55,"type":"if","locations":[{"start":{"line":55,"column":8},"end":{"line":55,"column":8}},{"start":{"line":55,"column":8},"end":{"line":55,"column":8}}]},"3":{"line":66,"type":"if","locations":[{"start":{"line":66,"column":39},"end":{"line":66,"column":39}},{"start":{"line":66,"column":39},"end":{"line":66,"column":39}}]},"4":{"line":78,"type":"if","locations":[{"start":{"line":78,"column":41},"end":{"line":78,"column":41}},{"start":{"line":78,"column":41},"end":{"line":78,"column":41}}]}}},"contracts\\AutoFarm-helpers\\helpers\\ReentrancyGuard.sol":{"l":{"24":6,"36":14,"39":14,"41":14,"45":12},"path":"D:\\RI-Learning\\AutoFarmV2-Diamond-3-Standard\\contracts\\AutoFarm-helpers\\helpers\\ReentrancyGuard.sol","s":{"1":14},"b":{"1":[14,0]},"f":{"1":6,"2":14},"fnMap":{"1":{"name":"constructor","line":23,"loc":{"start":{"line":23,"column":4},"end":{"line":25,"column":4}}},"2":{"name":"nonReentrant","line":34,"loc":{"start":{"line":34,"column":4},"end":{"line":46,"column":4}}}},"statementMap":{"1":{"start":{"line":36,"column":8},"end":{"line":36,"column":70}}},"branchMap":{"1":{"line":36,"type":"if","locations":[{"start":{"line":36,"column":8},"end":{"line":36,"column":8}},{"start":{"line":36,"column":8},"end":{"line":36,"column":8}}]}}},"contracts\\AutoFarm-helpers\\helpers\\Whitelist.sol":{"l":{"29":0,"37":0,"39":0,"40":0,"48":0,"50":0,"51":0},"path":"D:\\RI-Learning\\AutoFarmV2-Diamond-3-Standard\\contracts\\AutoFarm-helpers\\helpers\\Whitelist.sol","s":{"1":0,"2":0,"3":0,"4":0,"5":0},"b":{"1":[0,0],"2":[0,0],"3":[0,0],"4":[0,0]},"f":{"1":0,"2":0,"3":0,"4":0},"fnMap":{"1":{"name":"constructor","line":21,"loc":{"start":{"line":21,"column":4},"end":{"line":21,"column":30}}},"2":{"name":"isMember","line":28,"loc":{"start":{"line":28,"column":4},"end":{"line":30,"column":4}}},"3":{"name":"addMember","line":36,"loc":{"start":{"line":36,"column":4},"end":{"line":41,"column":4}}},"4":{"name":"removeMember","line":47,"loc":{"start":{"line":47,"column":4},"end":{"line":52,"column":4}}}},"statementMap":{"1":{"start":{"line":29,"column":8},"end":{"line":29,"column":31}},"2":{"start":{"line":37,"column":8},"end":{"line":37,"column":64}},"3":{"start":{"line":40,"column":8},"end":{"line":40,"column":33}},"4":{"start":{"line":48,"column":8},"end":{"line":48,"column":61}},"5":{"start":{"line":51,"column":8},"end":{"line":51,"column":35}}},"branchMap":{"1":{"line":36,"type":"if","locations":[{"start":{"line":36,"column":47},"end":{"line":36,"column":47}},{"start":{"line":36,"column":47},"end":{"line":36,"column":47}}]},"2":{"line":37,"type":"if","locations":[{"start":{"line":37,"column":8},"end":{"line":37,"column":8}},{"start":{"line":37,"column":8},"end":{"line":37,"column":8}}]},"3":{"line":47,"type":"if","locations":[{"start":{"line":47,"column":50},"end":{"line":47,"column":50}},{"start":{"line":47,"column":50},"end":{"line":47,"column":50}}]},"4":{"line":48,"type":"if","locations":[{"start":{"line":48,"column":8},"end":{"line":48,"column":8}},{"start":{"line":48,"column":8},"end":{"line":48,"column":8}}]}}},"contracts\\AutoFarm-helpers\\interfaces\\IERC20.sol":{"l":{},"path":"D:\\RI-Learning\\AutoFarmV2-Diamond-3-Standard\\contracts\\AutoFarm-helpers\\interfaces\\IERC20.sol","s":{},"b":{},"f":{},"fnMap":{},"statementMap":{},"branchMap":{}},"contracts\\AutoFarm-helpers\\interfaces\\IPancakeRouter01.sol":{"l":{},"path":"D:\\RI-Learning\\AutoFarmV2-Diamond-3-Standard\\contracts\\AutoFarm-helpers\\interfaces\\IPancakeRouter01.sol","s":{},"b":{},"f":{},"fnMap":{},"statementMap":{},"branchMap":{}},"contracts\\AutoFarm-helpers\\interfaces\\IPancakeRouter02.sol":{"l":{},"path":"D:\\RI-Learning\\AutoFarmV2-Diamond-3-Standard\\contracts\\AutoFarm-helpers\\interfaces\\IPancakeRouter02.sol","s":{},"b":{},"f":{},"fnMap":{},"statementMap":{},"branchMap":{}},"contracts\\AutoFarm-helpers\\interfaces\\IPancakeswapFarm.sol":{"l":{},"path":"D:\\RI-Learning\\AutoFarmV2-Diamond-3-Standard\\contracts\\AutoFarm-helpers\\interfaces\\IPancakeswapFarm.sol","s":{},"b":{},"f":{},"fnMap":{},"statementMap":{},"branchMap":{}},"contracts\\AutoFarm-helpers\\libraries\\Address.sol":{"l":{"29":15,"31":15,"34":15,"54":0,"60":0,"61":0,"89":0,"103":15,"122":0,"143":15,"147":15,"150":15,"152":15,"166":0,"185":0,"188":0,"189":0,"202":0,"221":0,"224":0,"225":0,"233":15,"234":15,"237":0,"241":0,"246":0},"path":"D:\\RI-Learning\\AutoFarmV2-Diamond-3-Standard\\contracts\\AutoFarm-helpers\\libraries\\Address.sol","s":{"1":15,"2":15,"3":0,"4":0,"5":0,"6":0,"7":15,"8":0,"9":15,"10":15,"11":15,"12":15,"13":0,"14":0,"15":0,"16":0,"17":0,"18":0,"19":0,"20":0,"21":15,"22":15,"23":0,"24":0},"b":{"1":[0,0],"2":[0,0],"3":[15,0],"4":[15,0],"5":[0,0],"6":[0,0],"7":[15,0],"8":[0,0]},"f":{"1":15,"2":0,"3":0,"4":15,"5":0,"6":15,"7":0,"8":0,"9":0,"10":0,"11":15},"fnMap":{"1":{"name":"isContract","line":24,"loc":{"start":{"line":24,"column":4},"end":{"line":35,"column":4}}},"2":{"name":"sendValue","line":53,"loc":{"start":{"line":53,"column":4},"end":{"line":65,"column":4}}},"3":{"name":"functionCall","line":85,"loc":{"start":{"line":85,"column":4},"end":{"line":90,"column":4}}},"4":{"name":"functionCall","line":98,"loc":{"start":{"line":98,"column":4},"end":{"line":104,"column":4}}},"5":{"name":"functionCallWithValue","line":117,"loc":{"start":{"line":117,"column":4},"end":{"line":129,"column":4}}},"6":{"name":"functionCallWithValue","line":137,"loc":{"start":{"line":137,"column":4},"end":{"line":153,"column":4}}},"7":{"name":"functionStaticCall","line":161,"loc":{"start":{"line":161,"column":4},"end":{"line":172,"column":4}}},"8":{"name":"functionStaticCall","line":180,"loc":{"start":{"line":180,"column":4},"end":{"line":190,"column":4}}},"9":{"name":"functionDelegateCall","line":198,"loc":{"start":{"line":198,"column":4},"end":{"line":208,"column":4}}},"10":{"name":"functionDelegateCall","line":216,"loc":{"start":{"line":216,"column":4},"end":{"line":226,"column":4}}},"11":{"name":"_verifyCallResult","line":228,"loc":{"start":{"line":228,"column":4},"end":{"line":249,"column":4}}}},"statementMap":{"1":{"start":{"line":29,"column":8},"end":{"line":29,"column":20}},"2":{"start":{"line":34,"column":8},"end":{"line":34,"column":23}},"3":{"start":{"line":54,"column":8},"end":{"line":54,"column":2259}},"4":{"start":{"line":60,"column":8},"end":{"line":60,"column":60}},"5":{"start":{"line":61,"column":8},"end":{"line":61,"column":2523}},"6":{"start":{"line":89,"column":8},"end":{"line":89,"column":75}},"7":{"start":{"line":103,"column":8},"end":{"line":103,"column":67}},"8":{"start":{"line":122,"column":8},"end":{"line":122,"column":4602}},"9":{"start":{"line":143,"column":8},"end":{"line":143,"column":5246}},"10":{"start":{"line":147,"column":8},"end":{"line":147,"column":67}},"11":{"start":{"line":150,"column":8},"end":{"line":150,"column":5543}},"12":{"start":{"line":152,"column":8},"end":{"line":152,"column":67}},"13":{"start":{"line":166,"column":8},"end":{"line":166,"column":6005}},"14":{"start":{"line":185,"column":8},"end":{"line":185,"column":74}},"15":{"start":{"line":188,"column":8},"end":{"line":188,"column":73}},"16":{"start":{"line":189,"column":8},"end":{"line":189,"column":67}},"17":{"start":{"line":202,"column":8},"end":{"line":202,"column":7138}},"18":{"start":{"line":221,"column":8},"end":{"line":221,"column":76}},"19":{"start":{"line":224,"column":8},"end":{"line":224,"column":75}},"20":{"start":{"line":225,"column":8},"end":{"line":225,"column":67}},"21":{"start":{"line":233,"column":8},"end":{"line":233,"column":8138}},"22":{"start":{"line":234,"column":12},"end":{"line":234,"column":29}},"23":{"start":{"line":237,"column":12},"end":{"line":237,"column":8287}},"24":{"start":{"line":246,"column":16},"end":{"line":246,"column":35}}},"branchMap":{"1":{"line":54,"type":"if","locations":[{"start":{"line":54,"column":8},"end":{"line":54,"column":8}},{"start":{"line":54,"column":8},"end":{"line":54,"column":8}}]},"2":{"line":61,"type":"if","locations":[{"start":{"line":61,"column":8},"end":{"line":61,"column":8}},{"start":{"line":61,"column":8},"end":{"line":61,"column":8}}]},"3":{"line":143,"type":"if","locations":[{"start":{"line":143,"column":8},"end":{"line":143,"column":8}},{"start":{"line":143,"column":8},"end":{"line":143,"column":8}}]},"4":{"line":147,"type":"if","locations":[{"start":{"line":147,"column":8},"end":{"line":147,"column":8}},{"start":{"line":147,"column":8},"end":{"line":147,"column":8}}]},"5":{"line":185,"type":"if","locations":[{"start":{"line":185,"column":8},"end":{"line":185,"column":8}},{"start":{"line":185,"column":8},"end":{"line":185,"column":8}}]},"6":{"line":221,"type":"if","locations":[{"start":{"line":221,"column":8},"end":{"line":221,"column":8}},{"start":{"line":221,"column":8},"end":{"line":221,"column":8}}]},"7":{"line":233,"type":"if","locations":[{"start":{"line":233,"column":8},"end":{"line":233,"column":8}},{"start":{"line":233,"column":8},"end":{"line":233,"column":8}}]},"8":{"line":237,"type":"if","locations":[{"start":{"line":237,"column":12},"end":{"line":237,"column":12}},{"start":{"line":237,"column":12},"end":{"line":237,"column":12}}]}}},"contracts\\AutoFarm-helpers\\libraries\\EnumerableSet.sol":{"l":{"66":0,"67":0,"70":0,"71":0,"73":0,"85":0,"87":0,"93":0,"94":0,"96":0,"97":0,"100":0,"102":0,"106":0,"109":0,"111":0,"113":0,"121":0,"128":0,"142":0,"154":0,"170":0,"180":0,"187":0,"194":0,"208":0,"220":0,"221":0,"224":0,"228":0,"244":0,"254":0,"261":0,"268":0,"282":0,"294":0,"295":0,"298":0,"302":0,"318":0,"328":0,"335":0,"342":0,"356":0,"368":0,"369":0,"372":0,"376":0},"path":"D:\\RI-Learning\\AutoFarmV2-Diamond-3-Standard\\contracts\\AutoFarm-helpers\\libraries\\EnumerableSet.sol","s":{"1":0,"2":0,"3":0,"4":0,"5":0,"6":0,"7":0,"8":0,"9":0,"10":0,"11":0,"12":0,"13":0,"14":0,"15":0,"16":0,"17":0,"18":0,"19":0,"20":0,"21":0,"22":0,"23":0,"24":0,"25":0,"26":0,"27":0,"28":0,"29":0,"30":0,"31":0,"32":0,"33":0,"34":0,"35":0,"36":0,"37":0,"38":0,"39":0,"40":0,"41":0},"b":{"1":[0,0],"2":[0,0],"3":[0,0]},"f":{"1":0,"2":0,"3":0,"4":0,"5":0,"6":0,"7":0,"8":0,"9":0,"10":0,"11":0,"12":0,"13":0,"14":0,"15":0,"16":0,"17":0,"18":0,"19":0,"20":0,"21":0,"22":0,"23":0,"24":0},"fnMap":{"1":{"name":"_add","line":65,"loc":{"start":{"line":65,"column":4},"end":{"line":75,"column":4}}},"2":{"name":"_remove","line":83,"loc":{"start":{"line":83,"column":4},"end":{"line":115,"column":4}}},"3":{"name":"_contains","line":120,"loc":{"start":{"line":120,"column":4},"end":{"line":122,"column":4}}},"4":{"name":"_length","line":127,"loc":{"start":{"line":127,"column":4},"end":{"line":129,"column":4}}},"5":{"name":"_at","line":141,"loc":{"start":{"line":141,"column":4},"end":{"line":143,"column":4}}},"6":{"name":"_values","line":153,"loc":{"start":{"line":153,"column":4},"end":{"line":155,"column":4}}},"7":{"name":"add","line":169,"loc":{"start":{"line":169,"column":4},"end":{"line":171,"column":4}}},"8":{"name":"remove","line":179,"loc":{"start":{"line":179,"column":4},"end":{"line":181,"column":4}}},"9":{"name":"contains","line":186,"loc":{"start":{"line":186,"column":4},"end":{"line":188,"column":4}}},"10":{"name":"length","line":193,"loc":{"start":{"line":193,"column":4},"end":{"line":195,"column":4}}},"11":{"name":"at","line":207,"loc":{"start":{"line":207,"column":4},"end":{"line":209,"column":4}}},"12":{"name":"values","line":219,"loc":{"start":{"line":219,"column":4},"end":{"line":229,"column":4}}},"13":{"name":"add","line":243,"loc":{"start":{"line":243,"column":4},"end":{"line":245,"column":4}}},"14":{"name":"remove","line":253,"loc":{"start":{"line":253,"column":4},"end":{"line":255,"column":4}}},"15":{"name":"contains","line":260,"loc":{"start":{"line":260,"column":4},"end":{"line":262,"column":4}}},"16":{"name":"length","line":267,"loc":{"start":{"line":267,"column":4},"end":{"line":269,"column":4}}},"17":{"name":"at","line":281,"loc":{"start":{"line":281,"column":4},"end":{"line":283,"column":4}}},"18":{"name":"values","line":293,"loc":{"start":{"line":293,"column":4},"end":{"line":303,"column":4}}},"19":{"name":"add","line":317,"loc":{"start":{"line":317,"column":4},"end":{"line":319,"column":4}}},"20":{"name":"remove","line":327,"loc":{"start":{"line":327,"column":4},"end":{"line":329,"column":4}}},"21":{"name":"contains","line":334,"loc":{"start":{"line":334,"column":4},"end":{"line":336,"column":4}}},"22":{"name":"length","line":341,"loc":{"start":{"line":341,"column":4},"end":{"line":343,"column":4}}},"23":{"name":"at","line":355,"loc":{"start":{"line":355,"column":4},"end":{"line":357,"column":4}}},"24":{"name":"values","line":367,"loc":{"start":{"line":367,"column":4},"end":{"line":377,"column":4}}}},"statementMap":{"1":{"start":{"line":66,"column":8},"end":{"line":66,"column":2367}},"2":{"start":{"line":67,"column":12},"end":{"line":67,"column":34}},"3":{"start":{"line":71,"column":12},"end":{"line":71,"column":23}},"4":{"start":{"line":73,"column":12},"end":{"line":73,"column":24}},"5":{"start":{"line":85,"column":8},"end":{"line":85,"column":48}},"6":{"start":{"line":87,"column":8},"end":{"line":87,"column":3114}},"7":{"start":{"line":93,"column":12},"end":{"line":93,"column":50}},"8":{"start":{"line":94,"column":12},"end":{"line":94,"column":54}},"9":{"start":{"line":96,"column":12},"end":{"line":96,"column":3609}},"10":{"start":{"line":97,"column":16},"end":{"line":97,"column":58}},"11":{"start":{"line":106,"column":12},"end":{"line":106,"column":28}},"12":{"start":{"line":111,"column":12},"end":{"line":111,"column":23}},"13":{"start":{"line":113,"column":12},"end":{"line":113,"column":24}},"14":{"start":{"line":121,"column":8},"end":{"line":121,"column":39}},"15":{"start":{"line":128,"column":8},"end":{"line":128,"column":33}},"16":{"start":{"line":142,"column":8},"end":{"line":142,"column":33}},"17":{"start":{"line":154,"column":8},"end":{"line":154,"column":26}},"18":{"start":{"line":170,"column":8},"end":{"line":170,"column":38}},"19":{"start":{"line":180,"column":8},"end":{"line":180,"column":41}},"20":{"start":{"line":187,"column":8},"end":{"line":187,"column":43}},"21":{"start":{"line":194,"column":8},"end":{"line":194,"column":34}},"22":{"start":{"line":208,"column":8},"end":{"line":208,"column":37}},"23":{"start":{"line":220,"column":8},"end":{"line":220,"column":52}},"24":{"start":{"line":221,"column":8},"end":{"line":221,"column":31}},"25":{"start":{"line":228,"column":8},"end":{"line":228,"column":21}},"26":{"start":{"line":244,"column":8},"end":{"line":244,"column":65}},"27":{"start":{"line":254,"column":8},"end":{"line":254,"column":68}},"28":{"start":{"line":261,"column":8},"end":{"line":261,"column":70}},"29":{"start":{"line":268,"column":8},"end":{"line":268,"column":34}},"30":{"start":{"line":282,"column":8},"end":{"line":282,"column":64}},"31":{"start":{"line":294,"column":8},"end":{"line":294,"column":52}},"32":{"start":{"line":295,"column":8},"end":{"line":295,"column":31}},"33":{"start":{"line":302,"column":8},"end":{"line":302,"column":21}},"34":{"start":{"line":318,"column":8},"end":{"line":318,"column":47}},"35":{"start":{"line":328,"column":8},"end":{"line":328,"column":50}},"36":{"start":{"line":335,"column":8},"end":{"line":335,"column":52}},"37":{"start":{"line":342,"column":8},"end":{"line":342,"column":34}},"38":{"start":{"line":356,"column":8},"end":{"line":356,"column":46}},"39":{"start":{"line":368,"column":8},"end":{"line":368,"column":52}},"40":{"start":{"line":369,"column":8},"end":{"line":369,"column":31}},"41":{"start":{"line":376,"column":8},"end":{"line":376,"column":21}}},"branchMap":{"1":{"line":66,"type":"if","locations":[{"start":{"line":66,"column":8},"end":{"line":66,"column":8}},{"start":{"line":66,"column":8},"end":{"line":66,"column":8}}]},"2":{"line":87,"type":"if","locations":[{"start":{"line":87,"column":8},"end":{"line":87,"column":8}},{"start":{"line":87,"column":8},"end":{"line":87,"column":8}}]},"3":{"line":96,"type":"if","locations":[{"start":{"line":96,"column":12},"end":{"line":96,"column":12}},{"start":{"line":96,"column":12},"end":{"line":96,"column":12}}]}}},"contracts\\AutoFarm-helpers\\libraries\\SafeERC20.sol":{"l":{"19":6,"31":6,"53":0,"57":0,"68":3,"70":3,"85":0,"90":0,"111":15,"116":15,"119":15},"path":"D:\\RI-Learning\\AutoFarmV2-Diamond-3-Standard\\contracts\\AutoFarm-helpers\\libraries\\SafeERC20.sol","s":{"1":6,"2":6,"3":0,"4":0,"5":3,"6":3,"7":0,"8":0,"9":15,"10":15,"11":15},"b":{"1":[0,0],"2":[0,0],"3":[15,0],"4":[15,0]},"f":{"1":6,"2":6,"3":0,"4":3,"5":0,"6":15},"fnMap":{"1":{"name":"safeTransfer","line":14,"loc":{"start":{"line":14,"column":4},"end":{"line":23,"column":4}}},"2":{"name":"safeTransferFrom","line":25,"loc":{"start":{"line":25,"column":4},"end":{"line":35,"column":4}}},"3":{"name":"safeApprove","line":44,"loc":{"start":{"line":44,"column":4},"end":{"line":61,"column":4}}},"4":{"name":"safeIncreaseAllowance","line":63,"loc":{"start":{"line":63,"column":4},"end":{"line":78,"column":4}}},"5":{"name":"safeDecreaseAllowance","line":80,"loc":{"start":{"line":80,"column":4},"end":{"line":98,"column":4}}},"6":{"name":"_callOptionalReturn","line":106,"loc":{"start":{"line":106,"column":4},"end":{"line":124,"column":4}}}},"statementMap":{"1":{"start":{"line":19,"column":8},"end":{"line":19,"column":476}},"2":{"start":{"line":31,"column":8},"end":{"line":31,"column":759}},"3":{"start":{"line":53,"column":8},"end":{"line":53,"column":1564}},"4":{"start":{"line":57,"column":8},"end":{"line":57,"column":1741}},"5":{"start":{"line":68,"column":8},"end":{"line":68,"column":2069}},"6":{"start":{"line":70,"column":8},"end":{"line":70,"column":2112}},"7":{"start":{"line":85,"column":8},"end":{"line":85,"column":2464}},"8":{"start":{"line":90,"column":8},"end":{"line":90,"column":2650}},"9":{"start":{"line":111,"column":8},"end":{"line":111,"column":3678}},"10":{"start":{"line":116,"column":8},"end":{"line":116,"column":3841}},"11":{"start":{"line":119,"column":12},"end":{"line":119,"column":3985}}},"branchMap":{"1":{"line":53,"type":"if","locations":[{"start":{"line":53,"column":8},"end":{"line":53,"column":8}},{"start":{"line":53,"column":8},"end":{"line":53,"column":8}}]},"2":{"line":54,"type":"cond-expr","locations":[{"start":{"line":54,"column":12},"end":{"line":54,"column":23}},{"start":{"line":54,"column":28},"end":{"line":54,"column":73}}]},"3":{"line":116,"type":"if","locations":[{"start":{"line":116,"column":8},"end":{"line":116,"column":8}},{"start":{"line":116,"column":8},"end":{"line":116,"column":8}}]},"4":{"line":119,"type":"if","locations":[{"start":{"line":119,"column":12},"end":{"line":119,"column":12}},{"start":{"line":119,"column":12},"end":{"line":119,"column":12}}]}}},"contracts\\AutoFarm-helpers\\libraries\\SafeMath.sol":{"l":{"18":28,"19":28,"21":28,"35":11,"53":29,"54":29,"56":29,"73":13,"74":2,"77":11,"78":11,"80":11,"96":13,"116":13,"117":13,"120":13,"136":0,"156":0,"157":0},"path":"D:\\RI-Learning\\AutoFarmV2-Diamond-3-Standard\\contracts\\AutoFarm-helpers\\libraries\\SafeMath.sol","s":{"1":28,"2":28,"3":28,"4":11,"5":29,"6":29,"7":29,"8":13,"9":2,"10":11,"11":11,"12":11,"13":13,"14":13,"15":13,"16":13,"17":0,"18":0,"19":0},"b":{"1":[28,0],"2":[29,0],"3":[2,11],"4":[11,0],"5":[13,0],"6":[0,0]},"f":{"1":28,"2":11,"3":29,"4":13,"5":13,"6":13,"7":0,"8":0},"fnMap":{"1":{"name":"add","line":17,"loc":{"start":{"line":17,"column":4},"end":{"line":22,"column":4}}},"2":{"name":"sub","line":34,"loc":{"start":{"line":34,"column":4},"end":{"line":36,"column":4}}},"3":{"name":"sub","line":48,"loc":{"start":{"line":48,"column":4},"end":{"line":57,"column":4}}},"4":{"name":"mul","line":69,"loc":{"start":{"line":69,"column":4},"end":{"line":81,"column":4}}},"5":{"name":"div","line":95,"loc":{"start":{"line":95,"column":4},"end":{"line":97,"column":4}}},"6":{"name":"div","line":111,"loc":{"start":{"line":111,"column":4},"end":{"line":121,"column":4}}},"7":{"name":"mod","line":135,"loc":{"start":{"line":135,"column":4},"end":{"line":137,"column":4}}},"8":{"name":"mod","line":151,"loc":{"start":{"line":151,"column":4},"end":{"line":158,"column":4}}}},"statementMap":{"1":{"start":{"line":18,"column":8},"end":{"line":18,"column":25}},"2":{"start":{"line":19,"column":8},"end":{"line":19,"column":53}},"3":{"start":{"line":21,"column":8},"end":{"line":21,"column":16}},"4":{"start":{"line":35,"column":8},"end":{"line":35,"column":58}},"5":{"start":{"line":53,"column":8},"end":{"line":53,"column":36}},"6":{"start":{"line":54,"column":8},"end":{"line":54,"column":25}},"7":{"start":{"line":56,"column":8},"end":{"line":56,"column":16}},"8":{"start":{"line":73,"column":8},"end":{"line":73,"column":2121}},"9":{"start":{"line":74,"column":12},"end":{"line":74,"column":20}},"10":{"start":{"line":77,"column":8},"end":{"line":77,"column":25}},"11":{"start":{"line":78,"column":8},"end":{"line":78,"column":63}},"12":{"start":{"line":80,"column":8},"end":{"line":80,"column":16}},"13":{"start":{"line":96,"column":8},"end":{"line":96,"column":54}},"14":{"start":{"line":116,"column":8},"end":{"line":116,"column":35}},"15":{"start":{"line":117,"column":8},"end":{"line":117,"column":25}},"16":{"start":{"line":120,"column":8},"end":{"line":120,"column":16}},"17":{"start":{"line":136,"column":8},"end":{"line":136,"column":52}},"18":{"start":{"line":156,"column":8},"end":{"line":156,"column":36}},"19":{"start":{"line":157,"column":8},"end":{"line":157,"column":20}}},"branchMap":{"1":{"line":19,"type":"if","locations":[{"start":{"line":19,"column":8},"end":{"line":19,"column":8}},{"start":{"line":19,"column":8},"end":{"line":19,"column":8}}]},"2":{"line":53,"type":"if","locations":[{"start":{"line":53,"column":8},"end":{"line":53,"column":8}},{"start":{"line":53,"column":8},"end":{"line":53,"column":8}}]},"3":{"line":73,"type":"if","locations":[{"start":{"line":73,"column":8},"end":{"line":73,"column":8}},{"start":{"line":73,"column":8},"end":{"line":73,"column":8}}]},"4":{"line":78,"type":"if","locations":[{"start":{"line":78,"column":8},"end":{"line":78,"column":8}},{"start":{"line":78,"column":8},"end":{"line":78,"column":8}}]},"5":{"line":116,"type":"if","locations":[{"start":{"line":116,"column":8},"end":{"line":116,"column":8}},{"start":{"line":116,"column":8},"end":{"line":116,"column":8}}]},"6":{"line":156,"type":"if","locations":[{"start":{"line":156,"column":8},"end":{"line":156,"column":8}},{"start":{"line":156,"column":8},"end":{"line":156,"column":8}}]}}},"contracts\\AutoFarm-helpers\\Tokens.sol":{"l":{"11":1},"path":"D:\\RI-Learning\\AutoFarmV2-Diamond-3-Standard\\contracts\\AutoFarm-helpers\\Tokens.sol","s":{"1":1},"b":{"1":[1,0]},"f":{"1":3,"2":1},"fnMap":{"1":{"name":"constructor","line":8,"loc":{"start":{"line":8,"column":4},"end":{"line":8,"column":45}}},"2":{"name":"mint","line":10,"loc":{"start":{"line":10,"column":4},"end":{"line":12,"column":4}}}},"statementMap":{"1":{"start":{"line":11,"column":8},"end":{"line":11,"column":24}}},"branchMap":{"1":{"line":10,"type":"if","locations":[{"start":{"line":10,"column":53},"end":{"line":10,"column":53}},{"start":{"line":10,"column":53},"end":{"line":10,"column":53}}]}}},"contracts\\Diamond.sol":{"l":{"16":6,"19":6,"20":6,"21":6,"22":6,"23":6,"29":38,"30":38,"32":38,"36":38,"37":38,"39":38},"path":"D:\\RI-Learning\\AutoFarmV2-Diamond-3-Standard\\contracts\\Diamond.sol","s":{"1":6,"2":6,"3":6,"4":6,"5":38,"6":38,"7":38,"8":38},"b":{"1":[38,0]},"f":{"1":6,"2":38},"fnMap":{"1":{"name":"constructor","line":15,"loc":{"start":{"line":15,"column":4},"end":{"line":24,"column":4}}},"2":{"name":null,"line":28,"loc":{"start":{"line":28,"column":4},"end":{"line":55,"column":4}}}},"statementMap":{"1":{"start":{"line":16,"column":8},"end":{"line":16,"column":50}},"2":{"start":{"line":19,"column":8},"end":{"line":19,"column":73}},"3":{"start":{"line":20,"column":8},"end":{"line":20,"column":59}},"4":{"start":{"line":23,"column":8},"end":{"line":23,"column":49}},"5":{"start":{"line":29,"column":8},"end":{"line":29,"column":44}},"6":{"start":{"line":30,"column":8},"end":{"line":30,"column":62}},"7":{"start":{"line":36,"column":8},"end":{"line":36,"column":75}},"8":{"start":{"line":37,"column":8},"end":{"line":37,"column":71}}},"branchMap":{"1":{"line":37,"type":"if","locations":[{"start":{"line":37,"column":8},"end":{"line":37,"column":8}},{"start":{"line":37,"column":8},"end":{"line":37,"column":8}}]}}},"contracts\\facets\\AutoFarmV2Facet.sol":{"l":{"42":4,"43":4,"45":2,"53":1,"54":1,"58":1,"60":1,"64":4,"66":4,"73":1,"75":1,"76":1,"78":1,"79":1,"80":1,"87":1,"89":1,"90":1,"92":1,"93":1,"98":0,"100":0,"101":0,"103":0,"108":0,"110":0,"111":0,"112":0,"113":0,"114":0,"115":0,"116":0,"117":0,"119":0,"124":0,"126":0,"127":0,"129":0,"130":0,"131":0,"132":0,"134":0,"139":2,"141":2,"142":2,"143":1,"149":8,"151":8,"152":7,"153":7,"155":0,"156":0,"157":0,"158":0,"160":0,"161":0,"162":0,"164":0,"166":0,"167":0,"169":0,"170":0,"175":4,"177":4,"178":3,"179":3,"181":3,"182":0,"183":0,"184":0,"187":3,"188":3,"190":3,"191":3,"192":3,"194":3,"195":3,"200":3,"202":3,"204":3,"205":3,"207":3,"208":3,"210":3,"211":2,"214":2,"215":2,"216":0,"220":2,"221":2,"222":1,"224":2,"225":2,"227":2,"228":0,"230":2,"233":2,"234":2,"235":0,"237":2,"239":2,"240":2,"244":1,"249":1,"251":1,"252":1,"254":1,"255":1,"256":1,"258":1,"260":1,"261":1,"262":1,"263":1,"268":0,"270":0,"271":0,"272":0,"274":0,"279":0,"281":0,"282":0},"path":"D:\\RI-Learning\\AutoFarmV2-Diamond-3-Standard\\contracts\\facets\\AutoFarmV2Facet.sol","s":{"1":4,"2":4,"3":1,"4":1,"5":1,"6":1,"7":4,"8":4,"9":1,"10":1,"11":1,"12":1,"13":1,"14":1,"15":1,"16":1,"17":0,"18":0,"19":0,"20":0,"21":0,"22":0,"23":0,"24":0,"25":0,"26":0,"27":0,"28":0,"29":0,"30":0,"31":0,"32":0,"33":0,"34":0,"35":0,"36":0,"37":0,"38":2,"39":2,"40":2,"41":1,"42":8,"43":8,"44":7,"45":7,"46":0,"47":0,"48":0,"49":0,"50":0,"51":0,"52":0,"53":0,"54":0,"55":4,"56":4,"57":3,"58":3,"59":3,"60":0,"61":0,"62":0,"63":3,"64":3,"65":3,"66":3,"67":3,"68":3,"69":3,"70":3,"71":3,"72":3,"73":3,"74":3,"75":2,"76":2,"77":2,"78":0,"79":2,"80":2,"81":2,"82":2,"83":2,"84":2,"85":2,"86":2,"87":2,"88":1,"89":1,"90":1,"91":1,"92":1,"93":1,"94":1,"95":1,"96":1,"97":1,"98":0,"99":0,"100":0,"101":0,"102":0,"103":0,"104":0,"105":0},"b":{"1":[2,2],"2":[1,1],"3":[1,0],"4":[0,1],"5":[1,1],"6":[1,0],"7":[0,0],"8":[0,0],"9":[0,0],"10":[7,0],"11":[0,0],"12":[0,0],"13":[4,0],"14":[0,3],"15":[0,0],"16":[3,0],"17":[3,0],"18":[2,1],"19":[2,0],"20":[0,2],"21":[1,1],"22":[2,0],"23":[0,2],"24":[0,2],"25":[1,0],"26":[0,0],"27":[0,0],"28":[0,0]},"f":{"1":4,"2":1,"3":1,"4":4,"5":1,"6":1,"7":0,"8":0,"9":0,"10":2,"11":8,"12":4,"13":3,"14":1,"15":1,"16":0,"17":0},"fnMap":{"1":{"name":"onlyOwner","line":41,"loc":{"start":{"line":41,"column":4},"end":{"line":46,"column":4}}},"2":{"name":"poolLength","line":52,"loc":{"start":{"line":52,"column":4},"end":{"line":55,"column":4}}},"3":{"name":"poolInfo","line":57,"loc":{"start":{"line":57,"column":4},"end":{"line":61,"column":4}}},"4":{"name":"userInfo","line":63,"loc":{"start":{"line":63,"column":4},"end":{"line":67,"column":4}}},"5":{"name":"add","line":72,"loc":{"start":{"line":72,"column":4},"end":{"line":83,"column":4}}},"6":{"name":"set","line":86,"loc":{"start":{"line":86,"column":4},"end":{"line":94,"column":4}}},"7":{"name":"getMultiplier","line":97,"loc":{"start":{"line":97,"column":4},"end":{"line":104,"column":4}}},"8":{"name":"pendingAUTO","line":107,"loc":{"start":{"line":107,"column":4},"end":{"line":120,"column":4}}},"9":{"name":"stakedWantTokens","line":123,"loc":{"start":{"line":123,"column":4},"end":{"line":135,"column":4}}},"10":{"name":"massUpdatePools","line":138,"loc":{"start":{"line":138,"column":4},"end":{"line":145,"column":4}}},"11":{"name":"updatePool","line":148,"loc":{"start":{"line":148,"column":4},"end":{"line":171,"column":4}}},"12":{"name":"deposit","line":174,"loc":{"start":{"line":174,"column":4},"end":{"line":196,"column":4}}},"13":{"name":"withdraw","line":199,"loc":{"start":{"line":199,"column":4},"end":{"line":241,"column":4}}},"14":{"name":"withdrawAll","line":243,"loc":{"start":{"line":243,"column":4},"end":{"line":245,"column":4}}},"15":{"name":"emergencyWithdraw","line":248,"loc":{"start":{"line":248,"column":4},"end":{"line":264,"column":4}}},"16":{"name":"safeAUTOTransfer","line":267,"loc":{"start":{"line":267,"column":4},"end":{"line":276,"column":4}}},"17":{"name":"inCaseTokensGetStuck","line":278,"loc":{"start":{"line":278,"column":4},"end":{"line":283,"column":4}}}},"statementMap":{"1":{"start":{"line":42,"column":8},"end":{"line":42,"column":51}},"2":{"start":{"line":43,"column":8},"end":{"line":43,"column":62}},"3":{"start":{"line":53,"column":8},"end":{"line":53,"column":79}},"4":{"start":{"line":54,"column":8},"end":{"line":54,"column":32}},"5":{"start":{"line":58,"column":8},"end":{"line":58,"column":79}},"6":{"start":{"line":60,"column":8},"end":{"line":60,"column":30}},"7":{"start":{"line":64,"column":8},"end":{"line":64,"column":79}},"8":{"start":{"line":66,"column":8},"end":{"line":66,"column":36}},"9":{"start":{"line":73,"column":8},"end":{"line":73,"column":79}},"10":{"start":{"line":75,"column":8},"end":{"line":75,"column":2802}},"11":{"start":{"line":76,"column":12},"end":{"line":76,"column":28}},"12":{"start":{"line":78,"column":8},"end":{"line":78,"column":91}},"13":{"start":{"line":80,"column":8},"end":{"line":80,"column":3032}},"14":{"start":{"line":87,"column":8},"end":{"line":87,"column":79}},"15":{"start":{"line":89,"column":8},"end":{"line":89,"column":3483}},"16":{"start":{"line":90,"column":12},"end":{"line":90,"column":28}},"17":{"start":{"line":98,"column":8},"end":{"line":98,"column":79}},"18":{"start":{"line":100,"column":8},"end":{"line":100,"column":3953}},"19":{"start":{"line":101,"column":12},"end":{"line":101,"column":20}},"20":{"start":{"line":103,"column":8},"end":{"line":103,"column":29}},"21":{"start":{"line":108,"column":8},"end":{"line":108,"column":79}},"22":{"start":{"line":110,"column":8},"end":{"line":110,"column":59}},"23":{"start":{"line":111,"column":8},"end":{"line":111,"column":66}},"24":{"start":{"line":112,"column":8},"end":{"line":112,"column":54}},"25":{"start":{"line":113,"column":8},"end":{"line":113,"column":65}},"26":{"start":{"line":114,"column":8},"end":{"line":114,"column":4578}},"27":{"start":{"line":115,"column":12},"end":{"line":115,"column":82}},"28":{"start":{"line":116,"column":12},"end":{"line":116,"column":107}},"29":{"start":{"line":119,"column":8},"end":{"line":119,"column":78}},"30":{"start":{"line":124,"column":8},"end":{"line":124,"column":79}},"31":{"start":{"line":126,"column":8},"end":{"line":126,"column":59}},"32":{"start":{"line":127,"column":8},"end":{"line":127,"column":66}},"33":{"start":{"line":129,"column":8},"end":{"line":129,"column":65}},"34":{"start":{"line":130,"column":8},"end":{"line":130,"column":85}},"35":{"start":{"line":131,"column":8},"end":{"line":131,"column":5565}},"36":{"start":{"line":132,"column":12},"end":{"line":132,"column":20}},"37":{"start":{"line":134,"column":8},"end":{"line":134,"column":64}},"38":{"start":{"line":139,"column":8},"end":{"line":139,"column":79}},"39":{"start":{"line":141,"column":8},"end":{"line":141,"column":42}},"40":{"start":{"line":142,"column":8},"end":{"line":142,"column":5953}},"41":{"start":{"line":143,"column":12},"end":{"line":143,"column":26}},"42":{"start":{"line":149,"column":8},"end":{"line":149,"column":79}},"43":{"start":{"line":151,"column":8},"end":{"line":151,"column":59}},"44":{"start":{"line":152,"column":8},"end":{"line":152,"column":6319}},"45":{"start":{"line":153,"column":12},"end":{"line":153,"column":18}},"46":{"start":{"line":155,"column":8},"end":{"line":155,"column":65}},"47":{"start":{"line":156,"column":8},"end":{"line":156,"column":6472}},"48":{"start":{"line":158,"column":12},"end":{"line":158,"column":18}},"49":{"start":{"line":160,"column":8},"end":{"line":160,"column":78}},"50":{"start":{"line":161,"column":8},"end":{"line":161,"column":6668}},"51":{"start":{"line":162,"column":12},"end":{"line":162,"column":18}},"52":{"start":{"line":164,"column":8},"end":{"line":164,"column":103}},"53":{"start":{"line":166,"column":8},"end":{"line":166,"column":104}},"54":{"start":{"line":167,"column":8},"end":{"line":167,"column":58}},"55":{"start":{"line":175,"column":8},"end":{"line":175,"column":79}},"56":{"start":{"line":177,"column":8},"end":{"line":177,"column":23}},"57":{"start":{"line":178,"column":8},"end":{"line":178,"column":59}},"58":{"start":{"line":179,"column":8},"end":{"line":179,"column":71}},"59":{"start":{"line":181,"column":8},"end":{"line":181,"column":7578}},"60":{"start":{"line":182,"column":12},"end":{"line":182,"column":98}},"61":{"start":{"line":183,"column":12},"end":{"line":183,"column":7719}},"62":{"start":{"line":184,"column":16},"end":{"line":184,"column":52}},"63":{"start":{"line":187,"column":8},"end":{"line":187,"column":7825}},"64":{"start":{"line":188,"column":12},"end":{"line":188,"column":91}},"65":{"start":{"line":190,"column":12},"end":{"line":190,"column":72}},"66":{"start":{"line":191,"column":12},"end":{"line":191,"column":85}},"67":{"start":{"line":195,"column":8},"end":{"line":195,"column":48}},"68":{"start":{"line":200,"column":8},"end":{"line":200,"column":79}},"69":{"start":{"line":202,"column":8},"end":{"line":202,"column":23}},"70":{"start":{"line":204,"column":8},"end":{"line":204,"column":59}},"71":{"start":{"line":205,"column":8},"end":{"line":205,"column":71}},"72":{"start":{"line":207,"column":8},"end":{"line":207,"column":85}},"73":{"start":{"line":208,"column":8},"end":{"line":208,"column":77}},"74":{"start":{"line":210,"column":8},"end":{"line":210,"column":51}},"75":{"start":{"line":211,"column":8},"end":{"line":211,"column":51}},"76":{"start":{"line":214,"column":8},"end":{"line":214,"column":94}},"77":{"start":{"line":215,"column":8},"end":{"line":215,"column":9104}},"78":{"start":{"line":216,"column":12},"end":{"line":216,"column":48}},"79":{"start":{"line":220,"column":8},"end":{"line":220,"column":74}},"80":{"start":{"line":221,"column":8},"end":{"line":221,"column":9307}},"81":{"start":{"line":224,"column":8},"end":{"line":224,"column":9384}},"82":{"start":{"line":225,"column":12},"end":{"line":225,"column":88}},"83":{"start":{"line":227,"column":12},"end":{"line":227,"column":9514}},"84":{"start":{"line":233,"column":12},"end":{"line":233,"column":72}},"85":{"start":{"line":234,"column":12},"end":{"line":234,"column":9773}},"86":{"start":{"line":237,"column":12},"end":{"line":237,"column":72}},"87":{"start":{"line":240,"column":8},"end":{"line":240,"column":49}},"88":{"start":{"line":244,"column":8},"end":{"line":244,"column":40}},"89":{"start":{"line":249,"column":8},"end":{"line":249,"column":79}},"90":{"start":{"line":251,"column":8},"end":{"line":251,"column":59}},"91":{"start":{"line":252,"column":8},"end":{"line":252,"column":71}},"92":{"start":{"line":254,"column":8},"end":{"line":254,"column":85}},"93":{"start":{"line":255,"column":8},"end":{"line":255,"column":77}},"94":{"start":{"line":256,"column":8},"end":{"line":256,"column":74}},"95":{"start":{"line":258,"column":8},"end":{"line":258,"column":57}},"96":{"start":{"line":260,"column":8},"end":{"line":260,"column":66}},"97":{"start":{"line":261,"column":8},"end":{"line":261,"column":56}},"98":{"start":{"line":268,"column":8},"end":{"line":268,"column":79}},"99":{"start":{"line":270,"column":8},"end":{"line":270,"column":67}},"100":{"start":{"line":271,"column":8},"end":{"line":271,"column":11365}},"101":{"start":{"line":272,"column":12},"end":{"line":272,"column":50}},"102":{"start":{"line":274,"column":12},"end":{"line":274,"column":51}},"103":{"start":{"line":279,"column":8},"end":{"line":279,"column":79}},"104":{"start":{"line":281,"column":8},"end":{"line":281,"column":43}},"105":{"start":{"line":282,"column":8},"end":{"line":282,"column":55}}},"branchMap":{"1":{"line":43,"type":"if","locations":[{"start":{"line":43,"column":8},"end":{"line":43,"column":8}},{"start":{"line":43,"column":8},"end":{"line":43,"column":8}}]},"2":{"line":72,"type":"if","locations":[{"start":{"line":72,"column":94},"end":{"line":72,"column":94}},{"start":{"line":72,"column":94},"end":{"line":72,"column":94}}]},"3":{"line":75,"type":"if","locations":[{"start":{"line":75,"column":8},"end":{"line":75,"column":8}},{"start":{"line":75,"column":8},"end":{"line":75,"column":8}}]},"4":{"line":78,"type":"if","locations":[{"start":{"line":78,"column":64},"end":{"line":78,"column":75}},{"start":{"line":78,"column":79},"end":{"line":78,"column":90}}]},"5":{"line":86,"type":"if","locations":[{"start":{"line":86,"column":77},"end":{"line":86,"column":77}},{"start":{"line":86,"column":77},"end":{"line":86,"column":77}}]},"6":{"line":89,"type":"if","locations":[{"start":{"line":89,"column":8},"end":{"line":89,"column":8}},{"start":{"line":89,"column":8},"end":{"line":89,"column":8}}]},"7":{"line":100,"type":"if","locations":[{"start":{"line":100,"column":8},"end":{"line":100,"column":8}},{"start":{"line":100,"column":8},"end":{"line":100,"column":8}}]},"8":{"line":114,"type":"if","locations":[{"start":{"line":114,"column":8},"end":{"line":114,"column":8}},{"start":{"line":114,"column":8},"end":{"line":114,"column":8}}]},"9":{"line":131,"type":"if","locations":[{"start":{"line":131,"column":8},"end":{"line":131,"column":8}},{"start":{"line":131,"column":8},"end":{"line":131,"column":8}}]},"10":{"line":152,"type":"if","locations":[{"start":{"line":152,"column":8},"end":{"line":152,"column":8}},{"start":{"line":152,"column":8},"end":{"line":152,"column":8}}]},"11":{"line":156,"type":"if","locations":[{"start":{"line":156,"column":8},"end":{"line":156,"column":8}},{"start":{"line":156,"column":8},"end":{"line":156,"column":8}}]},"12":{"line":161,"type":"if","locations":[{"start":{"line":161,"column":8},"end":{"line":161,"column":8}},{"start":{"line":161,"column":8},"end":{"line":161,"column":8}}]},"13":{"line":174,"type":"if","locations":[{"start":{"line":174,"column":60},"end":{"line":174,"column":60}},{"start":{"line":174,"column":60},"end":{"line":174,"column":60}}]},"14":{"line":181,"type":"if","locations":[{"start":{"line":181,"column":8},"end":{"line":181,"column":8}},{"start":{"line":181,"column":8},"end":{"line":181,"column":8}}]},"15":{"line":183,"type":"if","locations":[{"start":{"line":183,"column":12},"end":{"line":183,"column":12}},{"start":{"line":183,"column":12},"end":{"line":183,"column":12}}]},"16":{"line":187,"type":"if","locations":[{"start":{"line":187,"column":8},"end":{"line":187,"column":8}},{"start":{"line":187,"column":8},"end":{"line":187,"column":8}}]},"17":{"line":199,"type":"if","locations":[{"start":{"line":199,"column":61},"end":{"line":199,"column":61}},{"start":{"line":199,"column":61},"end":{"line":199,"column":61}}]},"18":{"line":210,"type":"if","locations":[{"start":{"line":210,"column":8},"end":{"line":210,"column":8}},{"start":{"line":210,"column":8},"end":{"line":210,"column":8}}]},"19":{"line":211,"type":"if","locations":[{"start":{"line":211,"column":8},"end":{"line":211,"column":8}},{"start":{"line":211,"column":8},"end":{"line":211,"column":8}}]},"20":{"line":215,"type":"if","locations":[{"start":{"line":215,"column":8},"end":{"line":215,"column":8}},{"start":{"line":215,"column":8},"end":{"line":215,"column":8}}]},"21":{"line":221,"type":"if","locations":[{"start":{"line":221,"column":8},"end":{"line":221,"column":8}},{"start":{"line":221,"column":8},"end":{"line":221,"column":8}}]},"22":{"line":224,"type":"if","locations":[{"start":{"line":224,"column":8},"end":{"line":224,"column":8}},{"start":{"line":224,"column":8},"end":{"line":224,"column":8}}]},"23":{"line":227,"type":"if","locations":[{"start":{"line":227,"column":12},"end":{"line":227,"column":12}},{"start":{"line":227,"column":12},"end":{"line":227,"column":12}}]},"24":{"line":234,"type":"if","locations":[{"start":{"line":234,"column":12},"end":{"line":234,"column":12}},{"start":{"line":234,"column":12},"end":{"line":234,"column":12}}]},"25":{"line":248,"type":"if","locations":[{"start":{"line":248,"column":52},"end":{"line":248,"column":52}},{"start":{"line":248,"column":52},"end":{"line":248,"column":52}}]},"26":{"line":271,"type":"if","locations":[{"start":{"line":271,"column":8},"end":{"line":271,"column":8}},{"start":{"line":271,"column":8},"end":{"line":271,"column":8}}]},"27":{"line":278,"type":"if","locations":[{"start":{"line":278,"column":74},"end":{"line":278,"column":74}},{"start":{"line":278,"column":74},"end":{"line":278,"column":74}}]},"28":{"line":281,"type":"if","locations":[{"start":{"line":281,"column":8},"end":{"line":281,"column":8}},{"start":{"line":281,"column":8},"end":{"line":281,"column":8}}]}}},"contracts\\facets\\DiamondCutFacet.sol":{"l":{"23":4,"24":4},"path":"D:\\RI-Learning\\AutoFarmV2-Diamond-3-Standard\\contracts\\facets\\DiamondCutFacet.sol","s":{"1":4,"2":4},"b":{},"f":{"1":4},"fnMap":{"1":{"name":"diamondCut","line":22,"loc":{"start":{"line":22,"column":4},"end":{"line":25,"column":4}}}},"statementMap":{"1":{"start":{"line":23,"column":8},"end":{"line":23,"column":42}},"2":{"start":{"line":24,"column":8},"end":{"line":24,"column":59}}},"branchMap":{}},"contracts\\facets\\DiamondLoupeFacet.sol":{"l":{"28":0,"29":0,"30":0,"31":0,"32":0,"33":0,"34":0,"42":0,"43":0,"49":2,"50":2,"58":0,"59":0,"64":0,"65":0},"path":"D:\\RI-Learning\\AutoFarmV2-Diamond-3-Standard\\contracts\\facets\\DiamondLoupeFacet.sol","s":{"1":0,"2":0,"3":0,"4":0,"5":0,"6":2,"7":0,"8":0,"9":0},"b":{},"f":{"1":0,"2":0,"3":2,"4":0,"5":0},"fnMap":{"1":{"name":"facets","line":27,"loc":{"start":{"line":27,"column":4},"end":{"line":36,"column":4}}},"2":{"name":"facetFunctionSelectors","line":41,"loc":{"start":{"line":41,"column":4},"end":{"line":44,"column":4}}},"3":{"name":"facetAddresses","line":48,"loc":{"start":{"line":48,"column":4},"end":{"line":51,"column":4}}},"4":{"name":"facetAddress","line":57,"loc":{"start":{"line":57,"column":4},"end":{"line":60,"column":4}}},"5":{"name":"supportsInterface","line":63,"loc":{"start":{"line":63,"column":4},"end":{"line":66,"column":4}}}},"statementMap":{"1":{"start":{"line":28,"column":8},"end":{"line":28,"column":74}},"2":{"start":{"line":29,"column":8},"end":{"line":29,"column":52}},"3":{"start":{"line":31,"column":8},"end":{"line":31,"column":1381}},"4":{"start":{"line":32,"column":12},"end":{"line":32,"column":56}},"5":{"start":{"line":42,"column":8},"end":{"line":42,"column":74}},"6":{"start":{"line":49,"column":8},"end":{"line":49,"column":74}},"7":{"start":{"line":58,"column":8},"end":{"line":58,"column":74}},"8":{"start":{"line":64,"column":8},"end":{"line":64,"column":74}},"9":{"start":{"line":65,"column":8},"end":{"line":65,"column":51}}},"branchMap":{}},"contracts\\facets\\OwnershipFacet.sol":{"l":{"9":0,"10":0,"14":0},"path":"D:\\RI-Learning\\AutoFarmV2-Diamond-3-Standard\\contracts\\facets\\OwnershipFacet.sol","s":{"1":0,"2":0},"b":{},"f":{"1":0,"2":0},"fnMap":{"1":{"name":"transferOwnership","line":8,"loc":{"start":{"line":8,"column":4},"end":{"line":11,"column":4}}},"2":{"name":"owner","line":13,"loc":{"start":{"line":13,"column":4},"end":{"line":15,"column":4}}}},"statementMap":{"1":{"start":{"line":9,"column":8},"end":{"line":9,"column":42}},"2":{"start":{"line":10,"column":8},"end":{"line":10,"column":45}}},"branchMap":{}},"contracts\\facets\\StratX2Facet.sol":{"l":{"38":0,"40":0,"41":0,"45":6,"47":6,"49":6,"53":4,"55":4,"59":4,"61":4,"66":3,"68":3,"70":3,"71":3,"72":0,"74":3,"76":3,"77":0,"79":3,"82":3,"86":0,"90":0,"92":0,"93":0,"94":0,"95":0,"97":0,"98":0,"100":0,"105":0,"107":0,"108":0,"110":0,"115":3,"117":3,"119":3,"120":3,"121":0,"123":3,"125":3,"126":0,"129":3,"130":0,"133":3,"134":3,"135":0,"138":3,"139":0,"142":3,"144":3,"146":3,"154":0,"156":0,"157":0,"158":0,"162":0,"164":0,"165":0,"169":0,"171":0,"172":0,"174":0,"175":0,"176":0,"177":0,"180":0,"181":0,"183":0,"185":0,"188":0,"190":0,"194":0,"195":0,"196":0,"197":0,"198":0,"199":0,"211":0,"213":0,"217":0,"219":0,"220":0,"223":0,"225":0,"226":0,"228":0,"230":0,"233":0,"237":0,"239":0,"241":0,"242":0,"243":0,"244":0,"248":0,"252":0,"254":0,"255":0,"260":0,"261":0,"262":0,"265":0,"269":0,"270":0,"271":0,"274":0,"279":0,"283":0,"293":0,"295":0,"296":0,"297":0,"299":0,"300":0,"301":0,"303":0,"304":0,"306":0,"307":0,"309":0,"310":0,"312":0,"316":0,"318":0,"319":0,"323":0,"325":0,"326":0,"330":0,"332":0,"333":0,"337":0,"339":0,"340":0,"344":0,"346":0,"347":0,"351":0,"353":0,"354":0,"355":0,"359":0,"362":0,"363":0,"364":0,"369":0,"380":0,"381":0,"383":0},"path":"D:\\RI-Learning\\AutoFarmV2-Diamond-3-Standard\\contracts\\facets\\StratX2Facet.sol","s":{"1":0,"2":0,"3":6,"4":6,"5":4,"6":4,"7":4,"8":4,"9":3,"10":3,"11":3,"12":3,"13":3,"14":0,"15":3,"16":0,"17":0,"18":0,"19":0,"20":0,"21":0,"22":0,"23":0,"24":0,"25":0,"26":0,"27":0,"28":3,"29":3,"30":3,"31":3,"32":3,"33":3,"34":0,"35":3,"36":3,"37":3,"38":3,"39":3,"40":0,"41":0,"42":0,"43":0,"44":0,"45":0,"46":0,"47":0,"48":0,"49":0,"50":0,"51":0,"52":0,"53":0,"54":0,"55":0,"56":0,"57":0,"58":0,"59":0,"60":0,"61":0,"62":0,"63":0,"64":0,"65":0,"66":0,"67":0,"68":0,"69":0,"70":0,"71":0,"72":0,"73":0,"74":0,"75":0,"76":0,"77":0,"78":0,"79":0,"80":0,"81":0,"82":0,"83":0,"84":0,"85":0,"86":0,"87":0,"88":0,"89":0,"90":0,"91":0,"92":0,"93":0,"94":0,"95":0,"96":0,"97":0,"98":0,"99":0,"100":0,"101":0,"102":0,"103":0,"104":0,"105":0,"106":0,"107":0,"108":0,"109":0,"110":0,"111":0,"112":0,"113":0,"114":0,"115":0,"116":0,"117":0,"118":0,"119":0,"120":0,"121":0,"122":0},"b":{"1":[0,0],"2":[6,0],"3":[3,0],"4":[3,0],"5":[3,0],"6":[0,3],"7":[0,3],"8":[0,0],"9":[0,0],"10":[0,0],"11":[0,0],"12":[3,0],"13":[3,0],"14":[3,0],"15":[0,3],"16":[0,3],"17":[0,3],"18":[0,3],"19":[0,3],"20":[0,0],"21":[0,0],"22":[0,0],"23":[0,0],"24":[0,0],"25":[0,0],"26":[0,0],"27":[0,0],"28":[0,0],"29":[0,0],"30":[0,0],"31":[0,0],"32":[0,0],"33":[0,0],"34":[0,0],"35":[0,0],"36":[0,0],"37":[0,0],"38":[0,0],"39":[0,0],"40":[0,0],"41":[0,0],"42":[0,0],"43":[0,0],"44":[0,0],"45":[0,0],"46":[0,0],"47":[0,0],"48":[0,0],"49":[0,0],"50":[0,0],"51":[0,0],"52":[0,0],"53":[0,0],"54":[0,0],"55":[0,0],"56":[0,0],"57":[0,0],"58":[0,0],"59":[0,0]},"f":{"1":0,"2":6,"3":4,"4":4,"5":3,"6":0,"7":0,"8":0,"9":3,"10":0,"11":0,"12":0,"13":0,"14":0,"15":0,"16":0,"17":0,"18":0,"19":0,"20":0,"21":0,"22":0,"23":0,"24":0,"25":0},"fnMap":{"1":{"name":"onlyAllowGov","line":37,"loc":{"start":{"line":37,"column":4},"end":{"line":42,"column":4}}},"2":{"name":"onlyOwner","line":44,"loc":{"start":{"line":44,"column":4},"end":{"line":50,"column":4}}},"3":{"name":"wantLockedTotal","line":52,"loc":{"start":{"line":52,"column":4},"end":{"line":56,"column":4}}},"4":{"name":"sharesTotal","line":58,"loc":{"start":{"line":58,"column":4},"end":{"line":62,"column":4}}},"5":{"name":"deposit","line":65,"loc":{"start":{"line":65,"column":4},"end":{"line":83,"column":4}}},"6":{"name":"farm","line":85,"loc":{"start":{"line":85,"column":4},"end":{"line":87,"column":4}}},"7":{"name":"_farm","line":89,"loc":{"start":{"line":89,"column":4},"end":{"line":102,"column":4}}},"8":{"name":"_unfarm","line":104,"loc":{"start":{"line":104,"column":4},"end":{"line":112,"column":4}}},"9":{"name":"withdraw","line":114,"loc":{"start":{"line":114,"column":4},"end":{"line":147,"column":4}}},"10":{"name":"earn","line":153,"loc":{"start":{"line":153,"column":4},"end":{"line":214,"column":4}}},"11":{"name":"buyBack","line":216,"loc":{"start":{"line":216,"column":4},"end":{"line":234,"column":4}}},"12":{"name":"distributeFees","line":236,"loc":{"start":{"line":236,"column":4},"end":{"line":249,"column":4}}},"13":{"name":"convertDustToEarned","line":251,"loc":{"start":{"line":251,"column":4},"end":{"line":276,"column":4}}},"14":{"name":"pause","line":278,"loc":{"start":{"line":278,"column":4},"end":{"line":280,"column":4}}},"15":{"name":"unpause","line":282,"loc":{"start":{"line":282,"column":4},"end":{"line":284,"column":4}}},"16":{"name":"setSettings","line":292,"loc":{"start":{"line":286,"column":4},"end":{"line":313,"column":4}}},"17":{"name":"setGov","line":315,"loc":{"start":{"line":315,"column":4},"end":{"line":320,"column":4}}},"18":{"name":"setOnlyGov","line":322,"loc":{"start":{"line":322,"column":4},"end":{"line":327,"column":4}}},"19":{"name":"setUniRouterAddress","line":329,"loc":{"start":{"line":329,"column":4},"end":{"line":334,"column":4}}},"20":{"name":"setBuyBackAddress","line":336,"loc":{"start":{"line":336,"column":4},"end":{"line":341,"column":4}}},"21":{"name":"setRewardsAddress","line":343,"loc":{"start":{"line":343,"column":4},"end":{"line":348,"column":4}}},"22":{"name":"inCaseTokensGetStuck","line":350,"loc":{"start":{"line":350,"column":4},"end":{"line":356,"column":4}}},"23":{"name":"_wrapBNB","line":358,"loc":{"start":{"line":358,"column":4},"end":{"line":366,"column":4}}},"24":{"name":"wrapBNB","line":368,"loc":{"start":{"line":368,"column":4},"end":{"line":370,"column":4}}},"25":{"name":"_safeSwap","line":372,"loc":{"start":{"line":372,"column":4},"end":{"line":390,"column":4}}}},"statementMap":{"1":{"start":{"line":38,"column":8},"end":{"line":38,"column":73}},"2":{"start":{"line":40,"column":8},"end":{"line":40,"column":50}},"3":{"start":{"line":45,"column":8},"end":{"line":45,"column":73}},"4":{"start":{"line":47,"column":8},"end":{"line":47,"column":63}},"5":{"start":{"line":53,"column":8},"end":{"line":53,"column":73}},"6":{"start":{"line":55,"column":8},"end":{"line":55,"column":32}},"7":{"start":{"line":59,"column":8},"end":{"line":59,"column":73}},"8":{"start":{"line":61,"column":8},"end":{"line":61,"column":28}},"9":{"start":{"line":66,"column":8},"end":{"line":66,"column":73}},"10":{"start":{"line":68,"column":8},"end":{"line":68,"column":91}},"11":{"start":{"line":70,"column":8},"end":{"line":70,"column":38}},"12":{"start":{"line":71,"column":8},"end":{"line":71,"column":2473}},"13":{"start":{"line":76,"column":8},"end":{"line":76,"column":2734}},"14":{"start":{"line":77,"column":12},"end":{"line":77,"column":18}},"15":{"start":{"line":82,"column":8},"end":{"line":82,"column":26}},"16":{"start":{"line":86,"column":8},"end":{"line":86,"column":14}},"17":{"start":{"line":90,"column":8},"end":{"line":90,"column":73}},"18":{"start":{"line":92,"column":8},"end":{"line":92,"column":43}},"19":{"start":{"line":93,"column":8},"end":{"line":93,"column":72}},"20":{"start":{"line":95,"column":8},"end":{"line":95,"column":82}},"21":{"start":{"line":97,"column":8},"end":{"line":97,"column":3388}},"22":{"start":{"line":98,"column":12},"end":{"line":98,"column":72}},"23":{"start":{"line":100,"column":12},"end":{"line":100,"column":74}},"24":{"start":{"line":105,"column":8},"end":{"line":105,"column":73}},"25":{"start":{"line":107,"column":8},"end":{"line":107,"column":3797}},"26":{"start":{"line":108,"column":12},"end":{"line":108,"column":73}},"27":{"start":{"line":110,"column":12},"end":{"line":110,"column":76}},"28":{"start":{"line":115,"column":8},"end":{"line":115,"column":73}},"29":{"start":{"line":117,"column":8},"end":{"line":117,"column":45}},"30":{"start":{"line":119,"column":8},"end":{"line":119,"column":82}},"31":{"start":{"line":120,"column":8},"end":{"line":120,"column":4386}},"32":{"start":{"line":125,"column":8},"end":{"line":125,"column":4548}},"33":{"start":{"line":129,"column":8},"end":{"line":129,"column":4709}},"34":{"start":{"line":130,"column":12},"end":{"line":130,"column":28}},"35":{"start":{"line":133,"column":8},"end":{"line":133,"column":72}},"36":{"start":{"line":134,"column":8},"end":{"line":134,"column":4858}},"37":{"start":{"line":138,"column":8},"end":{"line":138,"column":4939}},"38":{"start":{"line":144,"column":8},"end":{"line":144,"column":70}},"39":{"start":{"line":146,"column":8},"end":{"line":146,"column":28}},"40":{"start":{"line":154,"column":8},"end":{"line":154,"column":73}},"41":{"start":{"line":156,"column":8},"end":{"line":156,"column":43}},"42":{"start":{"line":157,"column":8},"end":{"line":157,"column":5524}},"43":{"start":{"line":158,"column":12},"end":{"line":158,"column":54}},"44":{"start":{"line":162,"column":8},"end":{"line":162,"column":17}},"45":{"start":{"line":164,"column":8},"end":{"line":164,"column":5676}},"46":{"start":{"line":165,"column":12},"end":{"line":165,"column":21}},"47":{"start":{"line":169,"column":8},"end":{"line":169,"column":76}},"48":{"start":{"line":174,"column":8},"end":{"line":174,"column":5985}},"49":{"start":{"line":176,"column":12},"end":{"line":176,"column":18}},"50":{"start":{"line":177,"column":12},"end":{"line":177,"column":18}},"51":{"start":{"line":180,"column":8},"end":{"line":180,"column":65}},"52":{"start":{"line":181,"column":8},"end":{"line":181,"column":83}},"53":{"start":{"line":183,"column":8},"end":{"line":183,"column":6300}},"54":{"start":{"line":185,"column":12},"end":{"line":185,"column":139}},"55":{"start":{"line":188,"column":8},"end":{"line":188,"column":6550}},"56":{"start":{"line":190,"column":12},"end":{"line":190,"column":139}},"57":{"start":{"line":194,"column":8},"end":{"line":194,"column":76}},"58":{"start":{"line":195,"column":8},"end":{"line":195,"column":76}},"59":{"start":{"line":196,"column":8},"end":{"line":196,"column":7005}},"60":{"start":{"line":197,"column":12},"end":{"line":197,"column":87}},"61":{"start":{"line":198,"column":12},"end":{"line":198,"column":87}},"62":{"start":{"line":199,"column":12},"end":{"line":199,"column":7242}},"63":{"start":{"line":213,"column":8},"end":{"line":213,"column":14}},"64":{"start":{"line":217,"column":8},"end":{"line":217,"column":73}},"65":{"start":{"line":219,"column":8},"end":{"line":219,"column":7792}},"66":{"start":{"line":220,"column":12},"end":{"line":220,"column":29}},"67":{"start":{"line":223,"column":8},"end":{"line":223,"column":80}},"68":{"start":{"line":225,"column":8},"end":{"line":225,"column":7957}},"69":{"start":{"line":226,"column":12},"end":{"line":226,"column":77}},"70":{"start":{"line":228,"column":12},"end":{"line":228,"column":88}},"71":{"start":{"line":230,"column":12},"end":{"line":230,"column":134}},"72":{"start":{"line":233,"column":8},"end":{"line":233,"column":41}},"73":{"start":{"line":237,"column":8},"end":{"line":237,"column":73}},"74":{"start":{"line":239,"column":8},"end":{"line":239,"column":8567}},"75":{"start":{"line":241,"column":12},"end":{"line":241,"column":8638}},"76":{"start":{"line":242,"column":16},"end":{"line":242,"column":85}},"77":{"start":{"line":243,"column":16},"end":{"line":243,"column":74}},"78":{"start":{"line":248,"column":8},"end":{"line":248,"column":25}},"79":{"start":{"line":252,"column":8},"end":{"line":252,"column":73}},"80":{"start":{"line":254,"column":8},"end":{"line":254,"column":43}},"81":{"start":{"line":255,"column":8},"end":{"line":255,"column":49}},"82":{"start":{"line":260,"column":8},"end":{"line":260,"column":76}},"83":{"start":{"line":261,"column":8},"end":{"line":261,"column":9437}},"84":{"start":{"line":262,"column":12},"end":{"line":262,"column":87}},"85":{"start":{"line":265,"column":12},"end":{"line":265,"column":132}},"86":{"start":{"line":269,"column":8},"end":{"line":269,"column":76}},"87":{"start":{"line":270,"column":8},"end":{"line":270,"column":9939}},"88":{"start":{"line":271,"column":12},"end":{"line":271,"column":87}},"89":{"start":{"line":274,"column":12},"end":{"line":274,"column":132}},"90":{"start":{"line":279,"column":8},"end":{"line":279,"column":15}},"91":{"start":{"line":283,"column":8},"end":{"line":283,"column":17}},"92":{"start":{"line":293,"column":8},"end":{"line":293,"column":73}},"93":{"start":{"line":295,"column":8},"end":{"line":295,"column":89}},"94":{"start":{"line":296,"column":8},"end":{"line":296,"column":91}},"95":{"start":{"line":299,"column":8},"end":{"line":299,"column":89}},"96":{"start":{"line":300,"column":8},"end":{"line":300,"column":91}},"97":{"start":{"line":303,"column":8},"end":{"line":303,"column":78}},"98":{"start":{"line":306,"column":8},"end":{"line":306,"column":72}},"99":{"start":{"line":309,"column":8},"end":{"line":309,"column":81}},"100":{"start":{"line":312,"column":8},"end":{"line":312,"column":111}},"101":{"start":{"line":316,"column":8},"end":{"line":316,"column":73}},"102":{"start":{"line":319,"column":8},"end":{"line":319,"column":32}},"103":{"start":{"line":323,"column":8},"end":{"line":323,"column":73}},"104":{"start":{"line":326,"column":8},"end":{"line":326,"column":33}},"105":{"start":{"line":330,"column":8},"end":{"line":330,"column":73}},"106":{"start":{"line":333,"column":8},"end":{"line":333,"column":51}},"107":{"start":{"line":337,"column":8},"end":{"line":337,"column":73}},"108":{"start":{"line":340,"column":8},"end":{"line":340,"column":47}},"109":{"start":{"line":344,"column":8},"end":{"line":344,"column":73}},"110":{"start":{"line":347,"column":8},"end":{"line":347,"column":47}},"111":{"start":{"line":351,"column":8},"end":{"line":351,"column":73}},"112":{"start":{"line":353,"column":8},"end":{"line":353,"column":50}},"113":{"start":{"line":354,"column":8},"end":{"line":354,"column":48}},"114":{"start":{"line":355,"column":8},"end":{"line":355,"column":48}},"115":{"start":{"line":359,"column":8},"end":{"line":359,"column":73}},"116":{"start":{"line":362,"column":8},"end":{"line":362,"column":46}},"117":{"start":{"line":363,"column":8},"end":{"line":363,"column":13593}},"118":{"start":{"line":364,"column":12},"end":{"line":364,"column":56}},"119":{"start":{"line":369,"column":8},"end":{"line":369,"column":17}},"120":{"start":{"line":380,"column":8},"end":{"line":380,"column":102}},"121":{"start":{"line":381,"column":8},"end":{"line":381,"column":58}},"122":{"start":{"line":383,"column":8},"end":{"line":383,"column":14198}}},"branchMap":{"1":{"line":40,"type":"if","locations":[{"start":{"line":40,"column":8},"end":{"line":40,"column":8}},{"start":{"line":40,"column":8},"end":{"line":40,"column":8}}]},"2":{"line":47,"type":"if","locations":[{"start":{"line":47,"column":8},"end":{"line":47,"column":8}},{"start":{"line":47,"column":8},"end":{"line":47,"column":8}}]},"3":{"line":65,"type":"if","locations":[{"start":{"line":65,"column":54},"end":{"line":65,"column":54}},{"start":{"line":65,"column":54},"end":{"line":65,"column":54}}]},"4":{"line":65,"type":"if","locations":[{"start":{"line":65,"column":64},"end":{"line":65,"column":64}},{"start":{"line":65,"column":64},"end":{"line":65,"column":64}}]},"5":{"line":65,"type":"if","locations":[{"start":{"line":65,"column":77},"end":{"line":65,"column":77}},{"start":{"line":65,"column":77},"end":{"line":65,"column":77}}]},"6":{"line":71,"type":"if","locations":[{"start":{"line":71,"column":8},"end":{"line":71,"column":8}},{"start":{"line":71,"column":8},"end":{"line":71,"column":8}}]},"7":{"line":76,"type":"if","locations":[{"start":{"line":76,"column":8},"end":{"line":76,"column":8}},{"start":{"line":76,"column":8},"end":{"line":76,"column":8}}]},"8":{"line":85,"type":"if","locations":[{"start":{"line":85,"column":35},"end":{"line":85,"column":35}},{"start":{"line":85,"column":35},"end":{"line":85,"column":35}}]},"9":{"line":92,"type":"if","locations":[{"start":{"line":92,"column":8},"end":{"line":92,"column":8}},{"start":{"line":92,"column":8},"end":{"line":92,"column":8}}]},"10":{"line":97,"type":"if","locations":[{"start":{"line":97,"column":8},"end":{"line":97,"column":8}},{"start":{"line":97,"column":8},"end":{"line":97,"column":8}}]},"11":{"line":107,"type":"if","locations":[{"start":{"line":107,"column":8},"end":{"line":107,"column":8}},{"start":{"line":107,"column":8},"end":{"line":107,"column":8}}]},"12":{"line":114,"type":"if","locations":[{"start":{"line":114,"column":55},"end":{"line":114,"column":55}},{"start":{"line":114,"column":55},"end":{"line":114,"column":55}}]},"13":{"line":114,"type":"if","locations":[{"start":{"line":114,"column":65},"end":{"line":114,"column":65}},{"start":{"line":114,"column":65},"end":{"line":114,"column":65}}]},"14":{"line":117,"type":"if","locations":[{"start":{"line":117,"column":8},"end":{"line":117,"column":8}},{"start":{"line":117,"column":8},"end":{"line":117,"column":8}}]},"15":{"line":120,"type":"if","locations":[{"start":{"line":120,"column":8},"end":{"line":120,"column":8}},{"start":{"line":120,"column":8},"end":{"line":120,"column":8}}]},"16":{"line":125,"type":"if","locations":[{"start":{"line":125,"column":8},"end":{"line":125,"column":8}},{"start":{"line":125,"column":8},"end":{"line":125,"column":8}}]},"17":{"line":129,"type":"if","locations":[{"start":{"line":129,"column":8},"end":{"line":129,"column":8}},{"start":{"line":129,"column":8},"end":{"line":129,"column":8}}]},"18":{"line":134,"type":"if","locations":[{"start":{"line":134,"column":8},"end":{"line":134,"column":8}},{"start":{"line":134,"column":8},"end":{"line":134,"column":8}}]},"19":{"line":138,"type":"if","locations":[{"start":{"line":138,"column":8},"end":{"line":138,"column":8}},{"start":{"line":138,"column":8},"end":{"line":138,"column":8}}]},"20":{"line":153,"type":"if","locations":[{"start":{"line":153,"column":35},"end":{"line":153,"column":35}},{"start":{"line":153,"column":35},"end":{"line":153,"column":35}}]},"21":{"line":153,"type":"if","locations":[{"start":{"line":153,"column":48},"end":{"line":153,"column":48}},{"start":{"line":153,"column":48},"end":{"line":153,"column":48}}]},"22":{"line":156,"type":"if","locations":[{"start":{"line":156,"column":8},"end":{"line":156,"column":8}},{"start":{"line":156,"column":8},"end":{"line":156,"column":8}}]},"23":{"line":157,"type":"if","locations":[{"start":{"line":157,"column":8},"end":{"line":157,"column":8}},{"start":{"line":157,"column":8},"end":{"line":157,"column":8}}]},"24":{"line":158,"type":"if","locations":[{"start":{"line":158,"column":12},"end":{"line":158,"column":12}},{"start":{"line":158,"column":12},"end":{"line":158,"column":12}}]},"25":{"line":164,"type":"if","locations":[{"start":{"line":164,"column":8},"end":{"line":164,"column":8}},{"start":{"line":164,"column":8},"end":{"line":164,"column":8}}]},"26":{"line":174,"type":"if","locations":[{"start":{"line":174,"column":8},"end":{"line":174,"column":8}},{"start":{"line":174,"column":8},"end":{"line":174,"column":8}}]},"27":{"line":174,"type":"cond-expr","locations":[{"start":{"line":174,"column":12},"end":{"line":174,"column":26}},{"start":{"line":174,"column":31},"end":{"line":174,"column":50}}]},"28":{"line":183,"type":"if","locations":[{"start":{"line":183,"column":8},"end":{"line":183,"column":8}},{"start":{"line":183,"column":8},"end":{"line":183,"column":8}}]},"29":{"line":188,"type":"if","locations":[{"start":{"line":188,"column":8},"end":{"line":188,"column":8}},{"start":{"line":188,"column":8},"end":{"line":188,"column":8}}]},"30":{"line":196,"type":"if","locations":[{"start":{"line":196,"column":8},"end":{"line":196,"column":8}},{"start":{"line":196,"column":8},"end":{"line":196,"column":8}}]},"31":{"line":219,"type":"if","locations":[{"start":{"line":219,"column":8},"end":{"line":219,"column":8}},{"start":{"line":219,"column":8},"end":{"line":219,"column":8}}]},"32":{"line":225,"type":"if","locations":[{"start":{"line":225,"column":8},"end":{"line":225,"column":8}},{"start":{"line":225,"column":8},"end":{"line":225,"column":8}}]},"33":{"line":239,"type":"if","locations":[{"start":{"line":239,"column":8},"end":{"line":239,"column":8}},{"start":{"line":239,"column":8},"end":{"line":239,"column":8}}]},"34":{"line":241,"type":"if","locations":[{"start":{"line":241,"column":12},"end":{"line":241,"column":12}},{"start":{"line":241,"column":12},"end":{"line":241,"column":12}}]},"35":{"line":251,"type":"if","locations":[{"start":{"line":251,"column":50},"end":{"line":251,"column":50}},{"start":{"line":251,"column":50},"end":{"line":251,"column":50}}]},"36":{"line":254,"type":"if","locations":[{"start":{"line":254,"column":8},"end":{"line":254,"column":8}},{"start":{"line":254,"column":8},"end":{"line":254,"column":8}}]},"37":{"line":255,"type":"if","locations":[{"start":{"line":255,"column":8},"end":{"line":255,"column":8}},{"start":{"line":255,"column":8},"end":{"line":255,"column":8}}]},"38":{"line":261,"type":"if","locations":[{"start":{"line":261,"column":8},"end":{"line":261,"column":8}},{"start":{"line":261,"column":8},"end":{"line":261,"column":8}}]},"39":{"line":270,"type":"if","locations":[{"start":{"line":270,"column":8},"end":{"line":270,"column":8}},{"start":{"line":270,"column":8},"end":{"line":270,"column":8}}]},"40":{"line":278,"type":"if","locations":[{"start":{"line":278,"column":36},"end":{"line":278,"column":36}},{"start":{"line":278,"column":36},"end":{"line":278,"column":36}}]},"41":{"line":282,"type":"if","locations":[{"start":{"line":282,"column":38},"end":{"line":282,"column":38}},{"start":{"line":282,"column":38},"end":{"line":282,"column":38}}]},"42":{"line":292,"type":"if","locations":[{"start":{"line":292,"column":21},"end":{"line":292,"column":21}},{"start":{"line":292,"column":21},"end":{"line":292,"column":21}}]},"43":{"line":295,"type":"if","locations":[{"start":{"line":295,"column":8},"end":{"line":295,"column":8}},{"start":{"line":295,"column":8},"end":{"line":295,"column":8}}]},"44":{"line":296,"type":"if","locations":[{"start":{"line":296,"column":8},"end":{"line":296,"column":8}},{"start":{"line":296,"column":8},"end":{"line":296,"column":8}}]},"45":{"line":299,"type":"if","locations":[{"start":{"line":299,"column":8},"end":{"line":299,"column":8}},{"start":{"line":299,"column":8},"end":{"line":299,"column":8}}]},"46":{"line":300,"type":"if","locations":[{"start":{"line":300,"column":8},"end":{"line":300,"column":8}},{"start":{"line":300,"column":8},"end":{"line":300,"column":8}}]},"47":{"line":303,"type":"if","locations":[{"start":{"line":303,"column":8},"end":{"line":303,"column":8}},{"start":{"line":303,"column":8},"end":{"line":303,"column":8}}]},"48":{"line":306,"type":"if","locations":[{"start":{"line":306,"column":8},"end":{"line":306,"column":8}},{"start":{"line":306,"column":8},"end":{"line":306,"column":8}}]},"49":{"line":309,"type":"if","locations":[{"start":{"line":309,"column":8},"end":{"line":309,"column":8}},{"start":{"line":309,"column":8},"end":{"line":309,"column":8}}]},"50":{"line":315,"type":"if","locations":[{"start":{"line":315,"column":56},"end":{"line":315,"column":56}},{"start":{"line":315,"column":56},"end":{"line":315,"column":56}}]},"51":{"line":322,"type":"if","locations":[{"start":{"line":322,"column":54},"end":{"line":322,"column":54}},{"start":{"line":322,"column":54},"end":{"line":322,"column":54}}]},"52":{"line":329,"type":"if","locations":[{"start":{"line":329,"column":75},"end":{"line":329,"column":75}},{"start":{"line":329,"column":75},"end":{"line":329,"column":75}}]},"53":{"line":336,"type":"if","locations":[{"start":{"line":336,"column":71},"end":{"line":336,"column":71}},{"start":{"line":336,"column":71},"end":{"line":336,"column":71}}]},"54":{"line":343,"type":"if","locations":[{"start":{"line":343,"column":71},"end":{"line":343,"column":71}},{"start":{"line":343,"column":71},"end":{"line":343,"column":71}}]},"55":{"line":350,"type":"if","locations":[{"start":{"line":350,"column":95},"end":{"line":350,"column":95}},{"start":{"line":350,"column":95},"end":{"line":350,"column":95}}]},"56":{"line":353,"type":"if","locations":[{"start":{"line":353,"column":8},"end":{"line":353,"column":8}},{"start":{"line":353,"column":8},"end":{"line":353,"column":8}}]},"57":{"line":354,"type":"if","locations":[{"start":{"line":354,"column":8},"end":{"line":354,"column":8}},{"start":{"line":354,"column":8},"end":{"line":354,"column":8}}]},"58":{"line":363,"type":"if","locations":[{"start":{"line":363,"column":8},"end":{"line":363,"column":8}},{"start":{"line":363,"column":8},"end":{"line":363,"column":8}}]},"59":{"line":368,"type":"if","locations":[{"start":{"line":368,"column":38},"end":{"line":368,"column":38}},{"start":{"line":368,"column":38},"end":{"line":368,"column":38}}]}}},"contracts\\interfaces\\IDiamondCut.sol":{"l":{},"path":"D:\\RI-Learning\\AutoFarmV2-Diamond-3-Standard\\contracts\\interfaces\\IDiamondCut.sol","s":{},"b":{},"f":{},"fnMap":{},"statementMap":{},"branchMap":{}},"contracts\\interfaces\\IDiamondLoupe.sol":{"l":{},"path":"D:\\RI-Learning\\AutoFarmV2-Diamond-3-Standard\\contracts\\interfaces\\IDiamondLoupe.sol","s":{},"b":{},"f":{},"fnMap":{},"statementMap":{},"branchMap":{}},"contracts\\interfaces\\IERC165.sol":{"l":{},"path":"D:\\RI-Learning\\AutoFarmV2-Diamond-3-Standard\\contracts\\interfaces\\IERC165.sol","s":{},"b":{},"f":{},"fnMap":{},"statementMap":{},"branchMap":{}},"contracts\\interfaces\\IERC173.sol":{"l":{},"path":"D:\\RI-Learning\\AutoFarmV2-Diamond-3-Standard\\contracts\\interfaces\\IERC173.sol","s":{},"b":{},"f":{},"fnMap":{},"statementMap":{},"branchMap":{}},"contracts\\libraries\\LibDiamond.sol":{"l":{"46":30,"47":30,"81":27,"82":27,"133":21,"134":21,"142":6,"143":6,"144":6,"145":6,"149":4,"153":4,"160":10,"161":12,"162":12,"163":12,"165":0,"167":0,"169":0,"172":10,"173":10,"177":12,"178":12,"179":12,"180":12,"182":12,"183":12,"185":12,"186":53,"187":53,"188":53,"189":53,"190":53,"195":0,"196":0,"197":0,"198":0,"200":0,"201":0,"203":0,"204":0,"205":0,"206":0,"207":0,"208":0,"209":0,"214":0,"215":0,"217":0,"218":0,"219":0,"220":0,"221":0,"226":12,"227":12,"228":12,"232":53,"233":53,"234":53,"238":0,"240":0,"242":0,"243":0,"245":0,"246":0,"247":0,"248":0,"251":0,"252":0,"255":0,"257":0,"258":0,"259":0,"260":0,"261":0,"262":0,"264":0,"265":0,"270":10,"271":6,"273":4,"274":4,"275":4,"276":0,"279":0,"284":0,"290":16,"291":16,"294":16},"path":"D:\\RI-Learning\\AutoFarmV2-Diamond-3-Standard\\contracts\\libraries\\LibDiamond.sol","s":{"1":30,"2":27,"3":21,"4":6,"5":6,"6":6,"7":4,"8":10,"9":12,"10":12,"11":12,"12":0,"13":0,"14":0,"15":0,"16":0,"17":10,"18":10,"19":12,"20":12,"21":12,"22":12,"23":12,"24":12,"25":12,"26":53,"27":53,"28":53,"29":53,"30":0,"31":0,"32":0,"33":0,"34":0,"35":0,"36":0,"37":0,"38":0,"39":0,"40":0,"41":0,"42":0,"43":0,"44":0,"45":0,"46":0,"47":0,"48":0,"49":12,"50":12,"51":53,"52":0,"53":0,"54":0,"55":0,"56":0,"57":0,"58":0,"59":0,"60":0,"61":0,"62":0,"63":0,"64":0,"65":10,"66":6,"67":4,"68":4,"69":4,"70":0,"71":16,"72":16},"b":{"1":[4,0],"2":[12,0],"3":[0,0],"4":[0,0],"5":[12,0],"6":[12,0],"7":[12,0],"8":[53,0],"9":[0,0],"10":[0,0],"11":[0,0],"12":[0,0],"13":[0,0],"14":[0,0],"15":[0,0],"16":[0,0],"17":[0,0],"18":[0,0],"19":[0,0],"20":[6,4],"21":[0,4],"22":[0,0],"23":[16,0]},"f":{"1":30,"2":27,"3":21,"4":6,"5":4,"6":4,"7":10,"8":12,"9":0,"10":0,"11":12,"12":53,"13":0,"14":10,"15":16},"fnMap":{"1":{"name":"diamondStorage","line":45,"loc":{"start":{"line":45,"column":4},"end":{"line":50,"column":4}}},"2":{"name":"autoFarmV2Storage","line":80,"loc":{"start":{"line":80,"column":4},"end":{"line":85,"column":4}}},"3":{"name":"stratX2Storage","line":132,"loc":{"start":{"line":132,"column":4},"end":{"line":137,"column":4}}},"4":{"name":"setContractOwner","line":141,"loc":{"start":{"line":141,"column":4},"end":{"line":146,"column":4}}},"5":{"name":"contractOwner","line":148,"loc":{"start":{"line":148,"column":4},"end":{"line":150,"column":4}}},"6":{"name":"enforceIsContractOwner","line":152,"loc":{"start":{"line":152,"column":4},"end":{"line":154,"column":4}}},"7":{"name":"diamondCut","line":159,"loc":{"start":{"line":159,"column":4},"end":{"line":174,"column":4}}},"8":{"name":"addFunctions","line":176,"loc":{"start":{"line":176,"column":4},"end":{"line":192,"column":4}}},"9":{"name":"replaceFunctions","line":194,"loc":{"start":{"line":194,"column":4},"end":{"line":211,"column":4}}},"10":{"name":"removeFunctions","line":213,"loc":{"start":{"line":213,"column":4},"end":{"line":223,"column":4}}},"11":{"name":"addFacet","line":225,"loc":{"start":{"line":225,"column":4},"end":{"line":229,"column":4}}},"12":{"name":"addFunction","line":231,"loc":{"start":{"line":231,"column":4},"end":{"line":235,"column":4}}},"13":{"name":"removeFunction","line":237,"loc":{"start":{"line":237,"column":4},"end":{"line":267,"column":4}}},"14":{"name":"initializeDiamondCut","line":269,"loc":{"start":{"line":269,"column":4},"end":{"line":287,"column":4}}},"15":{"name":"enforceHasContractCode","line":289,"loc":{"start":{"line":289,"column":4},"end":{"line":295,"column":4}}}},"statementMap":{"1":{"start":{"line":46,"column":8},"end":{"line":46,"column":51}},"2":{"start":{"line":81,"column":8},"end":{"line":81,"column":54}},"3":{"start":{"line":133,"column":8},"end":{"line":133,"column":51}},"4":{"start":{"line":142,"column":8},"end":{"line":142,"column":52}},"5":{"start":{"line":143,"column":8},"end":{"line":143,"column":48}},"6":{"start":{"line":145,"column":8},"end":{"line":145,"column":59}},"7":{"start":{"line":153,"column":8},"end":{"line":153,"column":98}},"8":{"start":{"line":160,"column":8},"end":{"line":160,"column":6815}},"9":{"start":{"line":161,"column":12},"end":{"line":161,"column":78}},"10":{"start":{"line":162,"column":12},"end":{"line":162,"column":6987}},"11":{"start":{"line":163,"column":16},"end":{"line":163,"column":108}},"12":{"start":{"line":164,"column":19},"end":{"line":164,"column":7167}},"13":{"start":{"line":165,"column":16},"end":{"line":165,"column":112}},"14":{"start":{"line":166,"column":19},"end":{"line":166,"column":7355}},"15":{"start":{"line":167,"column":16},"end":{"line":167,"column":111}},"16":{"start":{"line":169,"column":16},"end":{"line":169,"column":64}},"17":{"start":{"line":172,"column":8},"end":{"line":172,"column":54}},"18":{"start":{"line":173,"column":8},"end":{"line":173,"column":45}},"19":{"start":{"line":177,"column":8},"end":{"line":177,"column":92}},"20":{"start":{"line":178,"column":8},"end":{"line":178,"column":52}},"21":{"start":{"line":179,"column":8},"end":{"line":179,"column":91}},"22":{"start":{"line":180,"column":8},"end":{"line":180,"column":107}},"23":{"start":{"line":182,"column":8},"end":{"line":182,"column":8265}},"24":{"start":{"line":183,"column":12},"end":{"line":183,"column":38}},"25":{"start":{"line":185,"column":8},"end":{"line":185,"column":8356}},"26":{"start":{"line":186,"column":12},"end":{"line":186,"column":63}},"27":{"start":{"line":187,"column":12},"end":{"line":187,"column":90}},"28":{"start":{"line":188,"column":12},"end":{"line":188,"column":106}},"29":{"start":{"line":189,"column":12},"end":{"line":189,"column":69}},"30":{"start":{"line":195,"column":8},"end":{"line":195,"column":92}},"31":{"start":{"line":196,"column":8},"end":{"line":196,"column":52}},"32":{"start":{"line":197,"column":8},"end":{"line":197,"column":91}},"33":{"start":{"line":198,"column":8},"end":{"line":198,"column":107}},"34":{"start":{"line":200,"column":8},"end":{"line":200,"column":9362}},"35":{"start":{"line":201,"column":12},"end":{"line":201,"column":38}},"36":{"start":{"line":203,"column":8},"end":{"line":203,"column":9453}},"37":{"start":{"line":204,"column":12},"end":{"line":204,"column":63}},"38":{"start":{"line":205,"column":12},"end":{"line":205,"column":90}},"39":{"start":{"line":206,"column":12},"end":{"line":206,"column":112}},"40":{"start":{"line":207,"column":12},"end":{"line":207,"column":56}},"41":{"start":{"line":208,"column":12},"end":{"line":208,"column":69}},"42":{"start":{"line":214,"column":8},"end":{"line":214,"column":92}},"43":{"start":{"line":215,"column":8},"end":{"line":215,"column":52}},"44":{"start":{"line":217,"column":8},"end":{"line":217,"column":101}},"45":{"start":{"line":218,"column":8},"end":{"line":218,"column":10435}},"46":{"start":{"line":219,"column":12},"end":{"line":219,"column":63}},"47":{"start":{"line":220,"column":12},"end":{"line":220,"column":90}},"48":{"start":{"line":221,"column":12},"end":{"line":221,"column":56}},"49":{"start":{"line":226,"column":8},"end":{"line":226,"column":84}},"50":{"start":{"line":228,"column":8},"end":{"line":228,"column":44}},"51":{"start":{"line":233,"column":8},"end":{"line":233,"column":81}},"52":{"start":{"line":238,"column":8},"end":{"line":238,"column":102}},"53":{"start":{"line":240,"column":8},"end":{"line":240,"column":96}},"54":{"start":{"line":242,"column":8},"end":{"line":242,"column":100}},"55":{"start":{"line":243,"column":8},"end":{"line":243,"column":108}},"56":{"start":{"line":245,"column":8},"end":{"line":245,"column":12252}},"57":{"start":{"line":246,"column":12},"end":{"line":246,"column":114}},"58":{"start":{"line":251,"column":8},"end":{"line":251,"column":71}},"59":{"start":{"line":255,"column":8},"end":{"line":255,"column":12906}},"60":{"start":{"line":257,"column":12},"end":{"line":257,"column":75}},"61":{"start":{"line":258,"column":12},"end":{"line":258,"column":104}},"62":{"start":{"line":259,"column":12},"end":{"line":259,"column":13233}},"63":{"start":{"line":260,"column":16},"end":{"line":260,"column":86}},"64":{"start":{"line":264,"column":12},"end":{"line":264,"column":34}},"65":{"start":{"line":270,"column":8},"end":{"line":270,"column":13807}},"66":{"start":{"line":271,"column":12},"end":{"line":271,"column":18}},"67":{"start":{"line":273,"column":8},"end":{"line":273,"column":80}},"68":{"start":{"line":274,"column":8},"end":{"line":274,"column":74}},"69":{"start":{"line":275,"column":8},"end":{"line":275,"column":14036}},"70":{"start":{"line":276,"column":12},"end":{"line":276,"column":14069}},"71":{"start":{"line":290,"column":8},"end":{"line":290,"column":28}},"72":{"start":{"line":294,"column":8},"end":{"line":294,"column":47}}},"branchMap":{"1":{"line":153,"type":"if","locations":[{"start":{"line":153,"column":8},"end":{"line":153,"column":8}},{"start":{"line":153,"column":8},"end":{"line":153,"column":8}}]},"2":{"line":162,"type":"if","locations":[{"start":{"line":162,"column":12},"end":{"line":162,"column":12}},{"start":{"line":162,"column":12},"end":{"line":162,"column":12}}]},"3":{"line":164,"type":"if","locations":[{"start":{"line":164,"column":19},"end":{"line":164,"column":19}},{"start":{"line":164,"column":19},"end":{"line":164,"column":19}}]},"4":{"line":166,"type":"if","locations":[{"start":{"line":166,"column":19},"end":{"line":166,"column":19}},{"start":{"line":166,"column":19},"end":{"line":166,"column":19}}]},"5":{"line":177,"type":"if","locations":[{"start":{"line":177,"column":8},"end":{"line":177,"column":8}},{"start":{"line":177,"column":8},"end":{"line":177,"column":8}}]},"6":{"line":179,"type":"if","locations":[{"start":{"line":179,"column":8},"end":{"line":179,"column":8}},{"start":{"line":179,"column":8},"end":{"line":179,"column":8}}]},"7":{"line":182,"type":"if","locations":[{"start":{"line":182,"column":8},"end":{"line":182,"column":8}},{"start":{"line":182,"column":8},"end":{"line":182,"column":8}}]},"8":{"line":188,"type":"if","locations":[{"start":{"line":188,"column":12},"end":{"line":188,"column":12}},{"start":{"line":188,"column":12},"end":{"line":188,"column":12}}]},"9":{"line":195,"type":"if","locations":[{"start":{"line":195,"column":8},"end":{"line":195,"column":8}},{"start":{"line":195,"column":8},"end":{"line":195,"column":8}}]},"10":{"line":197,"type":"if","locations":[{"start":{"line":197,"column":8},"end":{"line":197,"column":8}},{"start":{"line":197,"column":8},"end":{"line":197,"column":8}}]},"11":{"line":200,"type":"if","locations":[{"start":{"line":200,"column":8},"end":{"line":200,"column":8}},{"start":{"line":200,"column":8},"end":{"line":200,"column":8}}]},"12":{"line":206,"type":"if","locations":[{"start":{"line":206,"column":12},"end":{"line":206,"column":12}},{"start":{"line":206,"column":12},"end":{"line":206,"column":12}}]},"13":{"line":214,"type":"if","locations":[{"start":{"line":214,"column":8},"end":{"line":214,"column":8}},{"start":{"line":214,"column":8},"end":{"line":214,"column":8}}]},"14":{"line":217,"type":"if","locations":[{"start":{"line":217,"column":8},"end":{"line":217,"column":8}},{"start":{"line":217,"column":8},"end":{"line":217,"column":8}}]},"15":{"line":238,"type":"if","locations":[{"start":{"line":238,"column":8},"end":{"line":238,"column":8}},{"start":{"line":238,"column":8},"end":{"line":238,"column":8}}]},"16":{"line":240,"type":"if","locations":[{"start":{"line":240,"column":8},"end":{"line":240,"column":8}},{"start":{"line":240,"column":8},"end":{"line":240,"column":8}}]},"17":{"line":245,"type":"if","locations":[{"start":{"line":245,"column":8},"end":{"line":245,"column":8}},{"start":{"line":245,"column":8},"end":{"line":245,"column":8}}]},"18":{"line":255,"type":"if","locations":[{"start":{"line":255,"column":8},"end":{"line":255,"column":8}},{"start":{"line":255,"column":8},"end":{"line":255,"column":8}}]},"19":{"line":259,"type":"if","locations":[{"start":{"line":259,"column":12},"end":{"line":259,"column":12}},{"start":{"line":259,"column":12},"end":{"line":259,"column":12}}]},"20":{"line":270,"type":"if","locations":[{"start":{"line":270,"column":8},"end":{"line":270,"column":8}},{"start":{"line":270,"column":8},"end":{"line":270,"column":8}}]},"21":{"line":275,"type":"if","locations":[{"start":{"line":275,"column":8},"end":{"line":275,"column":8}},{"start":{"line":275,"column":8},"end":{"line":275,"column":8}}]},"22":{"line":276,"type":"if","locations":[{"start":{"line":276,"column":12},"end":{"line":276,"column":12}},{"start":{"line":276,"column":12},"end":{"line":276,"column":12}}]},"23":{"line":294,"type":"if","locations":[{"start":{"line":294,"column":8},"end":{"line":294,"column":8}},{"start":{"line":294,"column":8},"end":{"line":294,"column":8}}]}}},"contracts\\upgradeInitializers\\DiamondInit.sol":{"l":{"23":1,"24":1,"25":1,"26":1,"27":1,"28":1,"29":1,"30":1,"34":1,"35":1,"36":1,"37":1,"38":1,"39":1,"40":1,"41":1,"42":1,"43":1,"44":1,"45":1,"46":1,"47":1,"48":1,"49":1,"50":1,"51":1,"52":1,"53":1,"54":1,"55":1,"56":1,"57":1,"64":2,"65":2,"66":2,"67":2,"68":2},"path":"D:\\RI-Learning\\AutoFarmV2-Diamond-3-Standard\\contracts\\upgradeInitializers\\DiamondInit.sol","s":{"1":1,"2":1,"3":2},"b":{},"f":{"1":1,"2":1,"3":2},"fnMap":{"1":{"name":"autofarmV2Init","line":22,"loc":{"start":{"line":22,"column":4},"end":{"line":31,"column":4}}},"2":{"name":"stratX2Init","line":33,"loc":{"start":{"line":33,"column":4},"end":{"line":58,"column":4}}},"3":{"name":"init","line":62,"loc":{"start":{"line":62,"column":4},"end":{"line":76,"column":4}}}},"statementMap":{"1":{"start":{"line":23,"column":8},"end":{"line":23,"column":79}},"2":{"start":{"line":34,"column":8},"end":{"line":34,"column":73}},"3":{"start":{"line":64,"column":8},"end":{"line":64,"column":74}}},"branchMap":{}}}